[debug] [2022-02-26T15:17:48.944Z] ----------------------------------------------------------------------
[debug] [2022-02-26T15:17:48.947Z] Command:       C:\Program Files\nodejs\node.exe C:\Users\zahid\AppData\Roaming\npm\node_modules\firebase-tools\lib\bin\firebase.js emulators:start
[debug] [2022-02-26T15:17:48.947Z] CLI Version:   10.1.2
[debug] [2022-02-26T15:17:48.948Z] Platform:      win32
[debug] [2022-02-26T15:17:48.948Z] Node Version:  v16.13.2
[debug] [2022-02-26T15:17:48.949Z] Time:          Sat Feb 26 2022 20:47:48 GMT+0530 (India Standard Time)
[debug] [2022-02-26T15:17:48.950Z] ----------------------------------------------------------------------
[debug] 
[debug] [2022-02-26T15:17:48.954Z] >>> [apiv2][query] GET https://firebase-public.firebaseio.com/cli.json [none]
[debug] [2022-02-26T15:17:49.097Z] > command requires scopes: ["email","openid","https://www.googleapis.com/auth/cloudplatformprojects.readonly","https://www.googleapis.com/auth/firebase","https://www.googleapis.com/auth/cloud-platform"]
[debug] [2022-02-26T15:17:49.098Z] > authorizing via signed-in user (zahidsarang95@gmail.com)
[info] i  emulators: Starting emulators: functions, hosting {"metadata":{"emulator":{"name":"hub"},"message":"Starting emulators: functions, hosting"}}
[warn] !  emulators: It seems that you are running multiple instances of the emulator suite for project clone-d5abf. This may result in unexpected behavior. 
[debug] [2022-02-26T15:17:49.302Z] [hub] writing locator at C:\Users\zahid\AppData\Local\Temp\hub-clone-d5abf.json
[warn] !  functions: The following emulators are not running, calls to these services from the Functions emulator will affect production: auth, firestore, database, pubsub, storage {"metadata":{"emulator":{"name":"functions"},"message":"The following emulators are not running, calls to these services from the Functions emulator will affect production: \u001b[1mauth, firestore, database, pubsub, storage\u001b[22m"}}
[info] +  functions: Using node@16 from host. {"metadata":{"emulator":{"name":"functions"},"message":"Using node@16 from host."}}
[warn] !  Your requested "node" version "16" doesn't match your global version "16" {"metadata":{"emulator":{"name":"functions"},"message":"Your requested \"node\" version \"16\" doesn't match your global version \"16\""}}
[debug] [2022-02-26T15:17:49.620Z] defaultcredentials: writing to file C:\Users\zahid\AppData\Roaming\firebase\zahidsarang95_gmail_com_application_default_credentials.json
[debug] [2022-02-26T15:17:49.691Z] Setting GAC to C:\Users\zahid\AppData\Roaming\firebase\zahidsarang95_gmail_com_application_default_credentials.json {"metadata":{"emulator":{"name":"functions"},"message":"Setting GAC to C:\\Users\\zahid\\AppData\\Roaming\\firebase\\zahidsarang95_gmail_com_application_default_credentials.json"}}
[debug] [2022-02-26T15:17:49.695Z] > refreshing access token with scopes: []
[debug] [2022-02-26T15:17:49.699Z] >>> HTTP REQUEST POST https://www.googleapis.com/oauth2/v3/token  
 <request body omitted>
[debug] [2022-02-26T15:17:49.950Z] <<< HTTP RESPONSE 200 {"pragma":"no-cache","cache-control":"no-cache, no-store, max-age=0, must-revalidate","expires":"Mon, 01 Jan 1990 00:00:00 GMT","date":"Sat, 26 Feb 2022 15:17:48 GMT","content-type":"application/json; charset=utf-8","vary":"X-Origin, Referer, Origin,Accept-Encoding","server":"scaffolding on HTTPServer2","x-xss-protection":"0","x-frame-options":"SAMEORIGIN","x-content-type-options":"nosniff","alt-svc":"h3=\":443\"; ma=2592000,h3-29=\":443\"; ma=2592000,h3-Q050=\":443\"; ma=2592000,h3-Q046=\":443\"; ma=2592000,h3-Q043=\":443\"; ma=2592000,quic=\":443\"; ma=2592000; v=\"46,43\"","accept-ranges":"none","transfer-encoding":"chunked"}
[debug] [2022-02-26T15:17:50.064Z] >>> [apiv2][query] GET https://firebase.googleapis.com/v1beta1/projects/clone-d5abf/adminSdkConfig [none]
[debug] [2022-02-26T15:17:50.340Z] <<< [apiv2][status] GET https://firebase-public.firebaseio.com/cli.json 200
[debug] [2022-02-26T15:17:50.341Z] <<< [apiv2][body] GET https://firebase-public.firebaseio.com/cli.json {"cloudBuildErrorAfter":1594252800000,"cloudBuildWarnAfter":1590019200000,"defaultNode10After":1594252800000,"minVersion":"3.0.5","node8DeploysDisabledAfter":1613390400000,"node8RuntimeDisabledAfter":1615809600000,"node8WarnAfter":1600128000000}
[debug] [2022-02-26T15:17:51.149Z] <<< [apiv2][status] GET https://firebase.googleapis.com/v1beta1/projects/clone-d5abf/adminSdkConfig 200
[debug] [2022-02-26T15:17:51.149Z] <<< [apiv2][body] GET https://firebase.googleapis.com/v1beta1/projects/clone-d5abf/adminSdkConfig {"projectId":"clone-d5abf","storageBucket":"clone-d5abf.appspot.com","locationId":"us-central"}
[debug] [2022-02-26T15:17:51.486Z] >>> [apiv2][query] GET https://firebasehosting.googleapis.com/v1beta1/projects/clone-d5abf/sites 
[debug] [2022-02-26T15:17:53.249Z] <<< [apiv2][status] GET https://firebasehosting.googleapis.com/v1beta1/projects/clone-d5abf/sites 200
[debug] [2022-02-26T15:17:53.250Z] <<< [apiv2][body] GET https://firebasehosting.googleapis.com/v1beta1/projects/clone-d5abf/sites {"sites":[{"name":"projects/873276162924/sites/clone-d5abf","defaultUrl":"https://clone-d5abf.web.app","appId":"1:873276162924:web:927dcd3981c32308736949","type":"DEFAULT_SITE"}]}
[debug] [2022-02-26T15:17:53.251Z] >>> [apiv2][query] GET https://firebase.googleapis.com/v1beta1/projects/clone-d5abf/webApps/1:873276162924:web:927dcd3981c32308736949/config [none]
[debug] [2022-02-26T15:17:54.555Z] <<< [apiv2][status] GET https://firebase.googleapis.com/v1beta1/projects/clone-d5abf/webApps/1:873276162924:web:927dcd3981c32308736949/config 200
[debug] [2022-02-26T15:17:54.555Z] <<< [apiv2][body] GET https://firebase.googleapis.com/v1beta1/projects/clone-d5abf/webApps/1:873276162924:web:927dcd3981c32308736949/config {"projectId":"clone-d5abf","appId":"1:873276162924:web:927dcd3981c32308736949","storageBucket":"clone-d5abf.appspot.com","locationId":"us-central","apiKey":"AIzaSyCRrYq0hbgA3mLRQWTTY9RnVC1XsqSrB1I","authDomain":"clone-d5abf.firebaseapp.com","messagingSenderId":"873276162924"}
[info] i  hosting: Serving hosting files from: build {"metadata":{"emulator":{"name":"hosting"},"message":"Serving hosting files from: \u001b[1mbuild\u001b[22m"}}
[info] +  hosting: Local server: http://localhost:5000 {"metadata":{"emulator":{"name":"hosting"},"message":"Local server: \u001b[4m\u001b[1mhttp://localhost:5000\u001b[22m\u001b[24m"}}
[warn] !  ui: Emulator UI unable to start on port 4000, starting on 4003 instead. {"metadata":{"emulator":{"name":"ui"},"message":"Emulator UI unable to start on port 4000, starting on 4003 instead."}}
[debug] [2022-02-26T15:17:55.077Z] Ignoring unsupported arg: auto_download {"metadata":{"emulator":{"name":"ui"},"message":"Ignoring unsupported arg: auto_download"}}
[debug] [2022-02-26T15:17:55.079Z] Ignoring unsupported arg: port {"metadata":{"emulator":{"name":"ui"},"message":"Ignoring unsupported arg: port"}}
[debug] [2022-02-26T15:17:55.079Z] Starting Emulator UI with command {"binary":"node","args":["C:\\Users\\zahid\\.cache\\firebase\\emulators\\ui-v1.6.4\\server.bundle.js"],"optionalArgs":[],"joinArgs":false} {"metadata":{"emulator":{"name":"ui"},"message":"Starting Emulator UI with command {\"binary\":\"node\",\"args\":[\"C:\\\\Users\\\\zahid\\\\.cache\\\\firebase\\\\emulators\\\\ui-v1.6.4\\\\server.bundle.js\"],\"optionalArgs\":[],\"joinArgs\":false}"}}
[info] i  ui: Emulator UI logging to ui-debug.log {"metadata":{"emulator":{"name":"ui"},"message":"Emulator UI logging to \u001b[1mui-debug.log\u001b[22m"}}
[debug] [2022-02-26T15:17:55.337Z] Web / API server started at localhost:4003
 {"metadata":{"emulator":{"name":"ui"},"message":"Web / API server started at localhost:4003\n"}}
[info] i  functions: Watching "C:\Users\zahid\Desktop\Amazon-project\Ecommerce-project\functions" for Cloud Functions... {"metadata":{"emulator":{"name":"functions"},"message":"Watching \"C:\\Users\\zahid\\Desktop\\Amazon-project\\Ecommerce-project\\functions\" for Cloud Functions..."}}
[debug] [2022-02-26T15:17:55.531Z] [worker-pool] addWorker(~diagnostic~) {"metadata":{"emulator":{"name":"functions"},"message":"[worker-pool] addWorker(~diagnostic~)"}}
[debug] [2022-02-26T15:17:55.531Z] [worker-pool] Adding worker with key ~diagnostic~, total=1 {"metadata":{"emulator":{"name":"functions"},"message":"[worker-pool] Adding worker with key ~diagnostic~, total=1"}}
[debug] [2022-02-26T15:17:55.532Z] [worker-pool] submitWork(triggerId=) {"metadata":{"emulator":{"name":"functions"},"message":"[worker-pool] submitWork(triggerId=)"}}
[debug] [2022-02-26T15:17:55.532Z] [worker-~diagnostic~-61c8d97a-e8dd-4578-bc8d-0508666e522e]: Assigning socketPath: \\?\pipe\C:\Users\zahid\Desktop\Amazon-project\Ecommerce-project\functions\8056 {"metadata":{"emulator":{"name":"functions"},"message":"[worker-~diagnostic~-61c8d97a-e8dd-4578-bc8d-0508666e522e]: Assigning socketPath: \\\\?\\pipe\\C:\\Users\\zahid\\Desktop\\Amazon-project\\Ecommerce-project\\functions\\8056"}}
[debug] [2022-02-26T15:17:55.533Z] [worker-~diagnostic~-61c8d97a-e8dd-4578-bc8d-0508666e522e]: BUSY {"metadata":{"emulator":{"name":"functions"},"message":"[worker-~diagnostic~-61c8d97a-e8dd-4578-bc8d-0508666e522e]: BUSY"}}
[debug] [2022-02-26T15:17:55.934Z] [runtime-status] [8056] Functions runtime initialized. {"cwd":"C:\\Users\\zahid\\Desktop\\Amazon-project\\Ecommerce-project\\functions","node_version":"16.13.2"} {"metadata":{"emulator":{"name":"functions"},"message":"[runtime-status] [8056] Functions runtime initialized. {\"cwd\":\"C:\\\\Users\\\\zahid\\\\Desktop\\\\Amazon-project\\\\Ecommerce-project\\\\functions\",\"node_version\":\"16.13.2\"}"}}
[debug] [2022-02-26T15:17:55.935Z] [runtime-status] [8056] Disabled runtime features: undefined {"metadata":{"emulator":{"name":"functions"},"message":"[runtime-status] [8056] Disabled runtime features: undefined"}}
[debug] [2022-02-26T15:17:56.113Z] [runtime-status] [8056] Resolved module firebase-admin {"declared":true,"installed":true,"version":"9.12.0","resolution":"C:\\Users\\zahid\\Desktop\\Amazon-project\\Ecommerce-project\\functions\\node_modules\\firebase-admin\\lib\\index.js"} {"metadata":{"emulator":{"name":"functions"},"message":"[runtime-status] [8056] Resolved module firebase-admin {\"declared\":true,\"installed\":true,\"version\":\"9.12.0\",\"resolution\":\"C:\\\\Users\\\\zahid\\\\Desktop\\\\Amazon-project\\\\Ecommerce-project\\\\functions\\\\node_modules\\\\firebase-admin\\\\lib\\\\index.js\"}"}}
[debug] [2022-02-26T15:17:56.229Z] [runtime-status] [8056] Resolved module firebase-functions {"declared":true,"installed":true,"version":"3.17.1","resolution":"C:\\Users\\zahid\\Desktop\\Amazon-project\\Ecommerce-project\\functions\\node_modules\\firebase-functions\\lib\\index.js"} {"metadata":{"emulator":{"name":"functions"},"message":"[runtime-status] [8056] Resolved module firebase-functions {\"declared\":true,\"installed\":true,\"version\":\"3.17.1\",\"resolution\":\"C:\\\\Users\\\\zahid\\\\Desktop\\\\Amazon-project\\\\Ecommerce-project\\\\functions\\\\node_modules\\\\firebase-functions\\\\lib\\\\index.js\"}"}}
[debug] [2022-02-26T15:17:56.238Z] [runtime-status] [8056] Outgoing network have been stubbed. [{"name":"http","status":"mocked"},{"name":"http","status":"mocked"},{"name":"https","status":"mocked"},{"name":"https","status":"mocked"},{"name":"net","status":"mocked"}] {"metadata":{"emulator":{"name":"functions"},"message":"[runtime-status] [8056] Outgoing network have been stubbed. [{\"name\":\"http\",\"status\":\"mocked\"},{\"name\":\"http\",\"status\":\"mocked\"},{\"name\":\"https\",\"status\":\"mocked\"},{\"name\":\"https\",\"status\":\"mocked\"},{\"name\":\"net\",\"status\":\"mocked\"}]"}}
[debug] [2022-02-26T15:17:56.243Z] [runtime-status] [8056] Resolved module firebase-functions {"declared":true,"installed":true,"version":"3.17.1","resolution":"C:\\Users\\zahid\\Desktop\\Amazon-project\\Ecommerce-project\\functions\\node_modules\\firebase-functions\\lib\\index.js"} {"metadata":{"emulator":{"name":"functions"},"message":"[runtime-status] [8056] Resolved module firebase-functions {\"declared\":true,\"installed\":true,\"version\":\"3.17.1\",\"resolution\":\"C:\\\\Users\\\\zahid\\\\Desktop\\\\Amazon-project\\\\Ecommerce-project\\\\functions\\\\node_modules\\\\firebase-functions\\\\lib\\\\index.js\"}"}}
[debug] [2022-02-26T15:17:57.511Z] [runtime-status] [8056] Checked functions.config() {"config":{}} {"metadata":{"emulator":{"name":"functions"},"message":"[runtime-status] [8056] Checked functions.config() {\"config\":{}}"}}
[debug] [2022-02-26T15:17:57.512Z] [runtime-status] [8056] firebase-functions has been stubbed. {"functionsResolution":{"declared":true,"installed":true,"version":"3.17.1","resolution":"C:\\Users\\zahid\\Desktop\\Amazon-project\\Ecommerce-project\\functions\\node_modules\\firebase-functions\\lib\\index.js"}} {"metadata":{"emulator":{"name":"functions"},"message":"[runtime-status] [8056] firebase-functions has been stubbed. {\"functionsResolution\":{\"declared\":true,\"installed\":true,\"version\":\"3.17.1\",\"resolution\":\"C:\\\\Users\\\\zahid\\\\Desktop\\\\Amazon-project\\\\Ecommerce-project\\\\functions\\\\node_modules\\\\firebase-functions\\\\lib\\\\index.js\"}}"}}
[debug] [2022-02-26T15:17:57.513Z] [runtime-status] [8056] Resolved module firebase-functions {"declared":true,"installed":true,"version":"3.17.1","resolution":"C:\\Users\\zahid\\Desktop\\Amazon-project\\Ecommerce-project\\functions\\node_modules\\firebase-functions\\lib\\index.js"} {"metadata":{"emulator":{"name":"functions"},"message":"[runtime-status] [8056] Resolved module firebase-functions {\"declared\":true,\"installed\":true,\"version\":\"3.17.1\",\"resolution\":\"C:\\\\Users\\\\zahid\\\\Desktop\\\\Amazon-project\\\\Ecommerce-project\\\\functions\\\\node_modules\\\\firebase-functions\\\\lib\\\\index.js\"}"}}
[debug] [2022-02-26T15:17:57.516Z] [runtime-status] [8056] Resolved module firebase-admin {"declared":true,"installed":true,"version":"9.12.0","resolution":"C:\\Users\\zahid\\Desktop\\Amazon-project\\Ecommerce-project\\functions\\node_modules\\firebase-admin\\lib\\index.js"} {"metadata":{"emulator":{"name":"functions"},"message":"[runtime-status] [8056] Resolved module firebase-admin {\"declared\":true,\"installed\":true,\"version\":\"9.12.0\",\"resolution\":\"C:\\\\Users\\\\zahid\\\\Desktop\\\\Amazon-project\\\\Ecommerce-project\\\\functions\\\\node_modules\\\\firebase-admin\\\\lib\\\\index.js\"}"}}
[debug] [2022-02-26T15:17:57.517Z] [runtime-status] [8056] Resolved module firebase-functions {"declared":true,"installed":true,"version":"3.17.1","resolution":"C:\\Users\\zahid\\Desktop\\Amazon-project\\Ecommerce-project\\functions\\node_modules\\firebase-functions\\lib\\index.js"} {"metadata":{"emulator":{"name":"functions"},"message":"[runtime-status] [8056] Resolved module firebase-functions {\"declared\":true,\"installed\":true,\"version\":\"3.17.1\",\"resolution\":\"C:\\\\Users\\\\zahid\\\\Desktop\\\\Amazon-project\\\\Ecommerce-project\\\\functions\\\\node_modules\\\\firebase-functions\\\\lib\\\\index.js\"}"}}
[debug] [2022-02-26T15:17:57.518Z] [runtime-status] [8056] firebase-admin has been stubbed. {"adminResolution":{"declared":true,"installed":true,"version":"9.12.0","resolution":"C:\\Users\\zahid\\Desktop\\Amazon-project\\Ecommerce-project\\functions\\node_modules\\firebase-admin\\lib\\index.js"}} {"metadata":{"emulator":{"name":"functions"},"message":"[runtime-status] [8056] firebase-admin has been stubbed. {\"adminResolution\":{\"declared\":true,\"installed\":true,\"version\":\"9.12.0\",\"resolution\":\"C:\\\\Users\\\\zahid\\\\Desktop\\\\Amazon-project\\\\Ecommerce-project\\\\functions\\\\node_modules\\\\firebase-admin\\\\lib\\\\index.js\"}}"}}
[info] +  functions[us-central1-api]: http function initialized (http://localhost:5001/clone-d5abf/us-central1/api). {"metadata":{"emulator":{"name":"functions"},"message":"\u001b[1mhttp\u001b[22m function initialized (http://localhost:5001/clone-d5abf/us-central1/api)."}}
[info] 
┌─────────────────────────────────────────────────────────────┐
│ ✔  All emulators ready! It is now safe to connect your app. │
│ i  View Emulator UI at http://localhost:4003                │
└─────────────────────────────────────────────────────────────┘

┌───────────┬────────────────┬─────────────────────────────────┐
│ Emulator  │ Host:Port      │ View in Emulator UI             │
├───────────┼────────────────┼─────────────────────────────────┤
│ Functions │ localhost:5001 │ http://localhost:4003/functions │
├───────────┼────────────────┼─────────────────────────────────┤
│ Hosting   │ localhost:5000 │ n/a                             │
└───────────┴────────────────┴─────────────────────────────────┘
  Emulator Hub running at localhost:4400
  Other reserved ports: 4500

Issues? Report them at https://github.com/firebase/firebase-tools/issues and attach the *-debug.log files.
 
[debug] [2022-02-26T15:18:00.999Z] [worker-~diagnostic~-61c8d97a-e8dd-4578-bc8d-0508666e522e]: IDLE {"metadata":{"emulator":{"name":"functions"},"message":"[worker-~diagnostic~-61c8d97a-e8dd-4578-bc8d-0508666e522e]: IDLE"}}
[debug] [2022-02-26T15:19:40.375Z] [work-queue] {"queueLength":1,"workRunningCount":0}
[debug] [2022-02-26T15:19:40.377Z] [work-queue] {"queueLength":0,"workRunningCount":1}
[debug] [2022-02-26T15:19:40.380Z] Accepted request GET /clone-d5abf/us-central1/api --> us-central1-api
[debug] [2022-02-26T15:19:40.394Z] [worker-pool] addWorker(us-central1-api) {"metadata":{"emulator":{"name":"functions"},"message":"[worker-pool] addWorker(us-central1-api)"}}
[debug] [2022-02-26T15:19:40.395Z] [worker-pool] Adding worker with key us-central1-api, total=1 {"metadata":{"emulator":{"name":"functions"},"message":"[worker-pool] Adding worker with key us-central1-api, total=1"}}
[debug] [2022-02-26T15:19:40.396Z] [worker-pool] submitWork(triggerId=us-central1-api) {"metadata":{"emulator":{"name":"functions"},"message":"[worker-pool] submitWork(triggerId=us-central1-api)"}}
[debug] [2022-02-26T15:19:40.396Z] [worker-us-central1-api-876ec47a-1d70-4ea5-b9ad-fef9c628d3ad]: Assigning socketPath: \\?\pipe\C:\Users\zahid\Desktop\Amazon-project\Ecommerce-project\functions\12656 {"metadata":{"emulator":{"name":"functions"},"message":"[worker-us-central1-api-876ec47a-1d70-4ea5-b9ad-fef9c628d3ad]: Assigning socketPath: \\\\?\\pipe\\C:\\Users\\zahid\\Desktop\\Amazon-project\\Ecommerce-project\\functions\\12656"}}
[debug] [2022-02-26T15:19:40.397Z] [worker-us-central1-api-876ec47a-1d70-4ea5-b9ad-fef9c628d3ad]: BUSY {"metadata":{"emulator":{"name":"functions"},"message":"[worker-us-central1-api-876ec47a-1d70-4ea5-b9ad-fef9c628d3ad]: BUSY"}}
[debug] [2022-02-26T15:19:41.170Z] [runtime-status] [12656] Functions runtime initialized. {"cwd":"C:\\Users\\zahid\\Desktop\\Amazon-project\\Ecommerce-project\\functions","node_version":"16.13.2"} {"metadata":{"emulator":{"name":"functions"},"function":{"name":"us-central1-api"},"message":"[runtime-status] [12656] Functions runtime initialized. {\"cwd\":\"C:\\\\Users\\\\zahid\\\\Desktop\\\\Amazon-project\\\\Ecommerce-project\\\\functions\",\"node_version\":\"16.13.2\"}"}}
[debug] [2022-02-26T15:19:41.171Z] [runtime-status] [12656] Disabled runtime features: undefined {"metadata":{"emulator":{"name":"functions"},"function":{"name":"us-central1-api"},"message":"[runtime-status] [12656] Disabled runtime features: undefined"}}
[debug] [2022-02-26T15:19:41.179Z] [runtime-status] [12656] Resolved module firebase-admin {"declared":true,"installed":true,"version":"9.12.0","resolution":"C:\\Users\\zahid\\Desktop\\Amazon-project\\Ecommerce-project\\functions\\node_modules\\firebase-admin\\lib\\index.js"} {"metadata":{"emulator":{"name":"functions"},"function":{"name":"us-central1-api"},"message":"[runtime-status] [12656] Resolved module firebase-admin {\"declared\":true,\"installed\":true,\"version\":\"9.12.0\",\"resolution\":\"C:\\\\Users\\\\zahid\\\\Desktop\\\\Amazon-project\\\\Ecommerce-project\\\\functions\\\\node_modules\\\\firebase-admin\\\\lib\\\\index.js\"}"}}
[debug] [2022-02-26T15:19:41.184Z] [runtime-status] [12656] Resolved module firebase-functions {"declared":true,"installed":true,"version":"3.17.1","resolution":"C:\\Users\\zahid\\Desktop\\Amazon-project\\Ecommerce-project\\functions\\node_modules\\firebase-functions\\lib\\index.js"} {"metadata":{"emulator":{"name":"functions"},"function":{"name":"us-central1-api"},"message":"[runtime-status] [12656] Resolved module firebase-functions {\"declared\":true,\"installed\":true,\"version\":\"3.17.1\",\"resolution\":\"C:\\\\Users\\\\zahid\\\\Desktop\\\\Amazon-project\\\\Ecommerce-project\\\\functions\\\\node_modules\\\\firebase-functions\\\\lib\\\\index.js\"}"}}
[debug] [2022-02-26T15:19:41.187Z] [runtime-status] [12656] Outgoing network have been stubbed. [{"name":"http","status":"mocked"},{"name":"http","status":"mocked"},{"name":"https","status":"mocked"},{"name":"https","status":"mocked"},{"name":"net","status":"mocked"}] {"metadata":{"emulator":{"name":"functions"},"function":{"name":"us-central1-api"},"message":"[runtime-status] [12656] Outgoing network have been stubbed. [{\"name\":\"http\",\"status\":\"mocked\"},{\"name\":\"http\",\"status\":\"mocked\"},{\"name\":\"https\",\"status\":\"mocked\"},{\"name\":\"https\",\"status\":\"mocked\"},{\"name\":\"net\",\"status\":\"mocked\"}]"}}
[debug] [2022-02-26T15:19:41.191Z] [runtime-status] [12656] Resolved module firebase-functions {"declared":true,"installed":true,"version":"3.17.1","resolution":"C:\\Users\\zahid\\Desktop\\Amazon-project\\Ecommerce-project\\functions\\node_modules\\firebase-functions\\lib\\index.js"} {"metadata":{"emulator":{"name":"functions"},"function":{"name":"us-central1-api"},"message":"[runtime-status] [12656] Resolved module firebase-functions {\"declared\":true,\"installed\":true,\"version\":\"3.17.1\",\"resolution\":\"C:\\\\Users\\\\zahid\\\\Desktop\\\\Amazon-project\\\\Ecommerce-project\\\\functions\\\\node_modules\\\\firebase-functions\\\\lib\\\\index.js\"}"}}
[debug] [2022-02-26T15:19:41.284Z] [runtime-status] [12656] Checked functions.config() {"config":{}} {"metadata":{"emulator":{"name":"functions"},"function":{"name":"us-central1-api"},"message":"[runtime-status] [12656] Checked functions.config() {\"config\":{}}"}}
[debug] [2022-02-26T15:19:41.284Z] [runtime-status] [12656] firebase-functions has been stubbed. {"functionsResolution":{"declared":true,"installed":true,"version":"3.17.1","resolution":"C:\\Users\\zahid\\Desktop\\Amazon-project\\Ecommerce-project\\functions\\node_modules\\firebase-functions\\lib\\index.js"}} {"metadata":{"emulator":{"name":"functions"},"function":{"name":"us-central1-api"},"message":"[runtime-status] [12656] firebase-functions has been stubbed. {\"functionsResolution\":{\"declared\":true,\"installed\":true,\"version\":\"3.17.1\",\"resolution\":\"C:\\\\Users\\\\zahid\\\\Desktop\\\\Amazon-project\\\\Ecommerce-project\\\\functions\\\\node_modules\\\\firebase-functions\\\\lib\\\\index.js\"}}"}}
[debug] [2022-02-26T15:19:41.286Z] [runtime-status] [12656] Resolved module firebase-functions {"declared":true,"installed":true,"version":"3.17.1","resolution":"C:\\Users\\zahid\\Desktop\\Amazon-project\\Ecommerce-project\\functions\\node_modules\\firebase-functions\\lib\\index.js"} {"metadata":{"emulator":{"name":"functions"},"function":{"name":"us-central1-api"},"message":"[runtime-status] [12656] Resolved module firebase-functions {\"declared\":true,\"installed\":true,\"version\":\"3.17.1\",\"resolution\":\"C:\\\\Users\\\\zahid\\\\Desktop\\\\Amazon-project\\\\Ecommerce-project\\\\functions\\\\node_modules\\\\firebase-functions\\\\lib\\\\index.js\"}"}}
[debug] [2022-02-26T15:19:41.288Z] [runtime-status] [12656] Resolved module firebase-admin {"declared":true,"installed":true,"version":"9.12.0","resolution":"C:\\Users\\zahid\\Desktop\\Amazon-project\\Ecommerce-project\\functions\\node_modules\\firebase-admin\\lib\\index.js"} {"metadata":{"emulator":{"name":"functions"},"function":{"name":"us-central1-api"},"message":"[runtime-status] [12656] Resolved module firebase-admin {\"declared\":true,\"installed\":true,\"version\":\"9.12.0\",\"resolution\":\"C:\\\\Users\\\\zahid\\\\Desktop\\\\Amazon-project\\\\Ecommerce-project\\\\functions\\\\node_modules\\\\firebase-admin\\\\lib\\\\index.js\"}"}}
[debug] [2022-02-26T15:19:41.290Z] [runtime-status] [12656] Resolved module firebase-functions {"declared":true,"installed":true,"version":"3.17.1","resolution":"C:\\Users\\zahid\\Desktop\\Amazon-project\\Ecommerce-project\\functions\\node_modules\\firebase-functions\\lib\\index.js"} {"metadata":{"emulator":{"name":"functions"},"function":{"name":"us-central1-api"},"message":"[runtime-status] [12656] Resolved module firebase-functions {\"declared\":true,\"installed\":true,\"version\":\"3.17.1\",\"resolution\":\"C:\\\\Users\\\\zahid\\\\Desktop\\\\Amazon-project\\\\Ecommerce-project\\\\functions\\\\node_modules\\\\firebase-functions\\\\lib\\\\index.js\"}"}}
[debug] [2022-02-26T15:19:41.290Z] [runtime-status] [12656] firebase-admin has been stubbed. {"adminResolution":{"declared":true,"installed":true,"version":"9.12.0","resolution":"C:\\Users\\zahid\\Desktop\\Amazon-project\\Ecommerce-project\\functions\\node_modules\\firebase-admin\\lib\\index.js"}} {"metadata":{"emulator":{"name":"functions"},"function":{"name":"us-central1-api"},"message":"[runtime-status] [12656] firebase-admin has been stubbed. {\"adminResolution\":{\"declared\":true,\"installed\":true,\"version\":\"9.12.0\",\"resolution\":\"C:\\\\Users\\\\zahid\\\\Desktop\\\\Amazon-project\\\\Ecommerce-project\\\\functions\\\\node_modules\\\\firebase-admin\\\\lib\\\\index.js\"}}"}}
[debug] [2022-02-26T15:19:41.583Z] [runtime-status] [12656] Trigger "us-central1-api" has been found, beginning invocation! {"metadata":{"emulator":{"name":"functions"},"function":{"name":"us-central1-api"},"message":"[runtime-status] [12656] Trigger \"us-central1-api\" has been found, beginning invocation!"}}
[info] i  functions: Beginning execution of "us-central1-api" {"metadata":{"emulator":{"name":"functions"},"function":{"name":"us-central1-api"},"message":"Beginning execution of \"us-central1-api\""}}
[debug] [2022-02-26T15:19:41.585Z] [runtime-status] [12656] triggerDefinition {"httpsTrigger":{},"name":"api","entryPoint":"api","regions":["us-central1"],"region":"us-central1","id":"us-central1-api","platform":"gcfv1"} {"metadata":{"emulator":{"name":"functions"},"function":{"name":"us-central1-api"},"message":"[runtime-status] [12656] triggerDefinition {\"httpsTrigger\":{},\"name\":\"api\",\"entryPoint\":\"api\",\"regions\":[\"us-central1\"],\"region\":\"us-central1\",\"id\":\"us-central1-api\",\"platform\":\"gcfv1\"}"}}
[debug] [2022-02-26T15:19:41.586Z] [runtime-status] [12656] Running us-central1-api in signature http {"metadata":{"emulator":{"name":"functions"},"function":{"name":"us-central1-api"},"message":"[runtime-status] [12656] Running us-central1-api in signature http"}}
[debug] [2022-02-26T15:19:41.592Z] [runtime-status] [12656] Attempting to listen to socketPath: \\?\pipe\C:\Users\zahid\Desktop\Amazon-project\Ecommerce-project\functions\12656 {"metadata":{"emulator":{"name":"functions"},"function":{"name":"us-central1-api"},"message":"[runtime-status] [12656] Attempting to listen to socketPath: \\\\?\\pipe\\C:\\Users\\zahid\\Desktop\\Amazon-project\\Ecommerce-project\\functions\\12656"}}
[debug] [2022-02-26T15:19:41.596Z] [functions] Runtime ready! Sending request! {"metadata":{"emulator":{"name":"functions"},"message":"[functions] Runtime ready! Sending request!"}}
[debug] [2022-02-26T15:19:41.597Z] [functions] Got req.url=/clone-d5abf/us-central1/api, mapping to path=/ {"metadata":{"emulator":{"name":"functions"},"message":"[functions] Got req.url=/clone-d5abf/us-central1/api, mapping to path=/"}}
[debug] [2022-02-26T15:19:41.606Z] [runtime-status] [12656] Ephemeral server handling GET request {"metadata":{"emulator":{"name":"functions"},"function":{"name":"us-central1-api"},"message":"[runtime-status] [12656] Ephemeral server handling GET request"}}
[debug] [2022-02-26T15:19:41.619Z] [runtime-status] [12656] Ephemeral server survived. {"metadata":{"emulator":{"name":"functions"},"function":{"name":"us-central1-api"},"message":"[runtime-status] [12656] Ephemeral server survived."}}
[info] i  functions: Finished "us-central1-api" in ~1s {"metadata":{"emulator":{"name":"functions"},"function":{"name":"us-central1-api"},"message":"Finished \"us-central1-api\" in ~1s"}}
[debug] [2022-02-26T15:19:41.627Z] [worker-us-central1-api-876ec47a-1d70-4ea5-b9ad-fef9c628d3ad]: IDLE {"metadata":{"emulator":{"name":"functions"},"message":"[worker-us-central1-api-876ec47a-1d70-4ea5-b9ad-fef9c628d3ad]: IDLE"}}
[debug] [2022-02-26T15:19:41.628Z] [work-queue] {"queueLength":0,"workRunningCount":0}
[debug] [2022-02-26T15:19:42.048Z] Functions emulator received unknown request at path /favicon.ico
[debug] [2022-02-26T15:19:57.018Z] [work-queue] {"queueLength":1,"workRunningCount":0}
[debug] [2022-02-26T15:19:57.019Z] [work-queue] {"queueLength":0,"workRunningCount":1}
[debug] [2022-02-26T15:19:57.019Z] Accepted request POST /clone-d5abf/us-central1/api/payments/create?total=250000 --> us-central1-api
[debug] [2022-02-26T15:19:57.019Z] [worker-pool] submitWork(triggerId=us-central1-api) {"metadata":{"emulator":{"name":"functions"},"message":"[worker-pool] submitWork(triggerId=us-central1-api)"}}
[debug] [2022-02-26T15:19:57.020Z] [worker-us-central1-api-876ec47a-1d70-4ea5-b9ad-fef9c628d3ad]: Assigning socketPath: \\?\pipe\C:\Users\zahid\Desktop\Amazon-project\Ecommerce-project\functions\12656 {"metadata":{"emulator":{"name":"functions"},"message":"[worker-us-central1-api-876ec47a-1d70-4ea5-b9ad-fef9c628d3ad]: Assigning socketPath: \\\\?\\pipe\\C:\\Users\\zahid\\Desktop\\Amazon-project\\Ecommerce-project\\functions\\12656"}}
[debug] [2022-02-26T15:19:57.021Z] [worker-us-central1-api-876ec47a-1d70-4ea5-b9ad-fef9c628d3ad]: BUSY {"metadata":{"emulator":{"name":"functions"},"message":"[worker-us-central1-api-876ec47a-1d70-4ea5-b9ad-fef9c628d3ad]: BUSY"}}
[debug] [2022-02-26T15:19:57.022Z] [runtime-status] [12656] Trigger "us-central1-api" has been found, beginning invocation! {"metadata":{"emulator":{"name":"functions"},"function":{"name":"us-central1-api"},"message":"[runtime-status] [12656] Trigger \"us-central1-api\" has been found, beginning invocation!"}}
[info] i  functions: Beginning execution of "us-central1-api" {"metadata":{"emulator":{"name":"functions"},"function":{"name":"us-central1-api"},"message":"Beginning execution of \"us-central1-api\""}}
[debug] [2022-02-26T15:19:57.024Z] [runtime-status] [12656] triggerDefinition {"httpsTrigger":{},"name":"api","entryPoint":"api","regions":["us-central1"],"region":"us-central1","id":"us-central1-api","platform":"gcfv1"} {"metadata":{"emulator":{"name":"functions"},"function":{"name":"us-central1-api"},"message":"[runtime-status] [12656] triggerDefinition {\"httpsTrigger\":{},\"name\":\"api\",\"entryPoint\":\"api\",\"regions\":[\"us-central1\"],\"region\":\"us-central1\",\"id\":\"us-central1-api\",\"platform\":\"gcfv1\"}"}}
[debug] [2022-02-26T15:19:57.025Z] [runtime-status] [12656] Running us-central1-api in signature http {"metadata":{"emulator":{"name":"functions"},"function":{"name":"us-central1-api"},"message":"[runtime-status] [12656] Running us-central1-api in signature http"}}
[debug] [2022-02-26T15:19:57.026Z] [runtime-status] [12656] Attempting to listen to socketPath: \\?\pipe\C:\Users\zahid\Desktop\Amazon-project\Ecommerce-project\functions\12656 {"metadata":{"emulator":{"name":"functions"},"function":{"name":"us-central1-api"},"message":"[runtime-status] [12656] Attempting to listen to socketPath: \\\\?\\pipe\\C:\\Users\\zahid\\Desktop\\Amazon-project\\Ecommerce-project\\functions\\12656"}}
[debug] [2022-02-26T15:19:57.028Z] [functions] Runtime ready! Sending request! {"metadata":{"emulator":{"name":"functions"},"message":"[functions] Runtime ready! Sending request!"}}
[debug] [2022-02-26T15:19:57.029Z] [functions] Got req.url=/clone-d5abf/us-central1/api/payments/create?total=250000, mapping to path=/payments/create?total=250000 {"metadata":{"emulator":{"name":"functions"},"message":"[functions] Got req.url=/clone-d5abf/us-central1/api/payments/create?total=250000, mapping to path=/payments/create?total=250000"}}
[debug] [2022-02-26T15:19:57.036Z] [runtime-status] [12656] Ephemeral server handling POST request {"metadata":{"emulator":{"name":"functions"},"function":{"name":"us-central1-api"},"message":"[runtime-status] [12656] Ephemeral server handling POST request"}}
[info] >  Payment Request: 250000 {"user":"Payment Request: 250000","metadata":{"emulator":{"name":"functions"},"function":{"name":"us-central1-api"},"message":"\u001b[90m> \u001b[39m Payment Request: 250000"}}
[debug] [2022-02-26T15:19:57.216Z] [runtime-status] [12656] Ephemeral server survived. {"metadata":{"emulator":{"name":"functions"},"function":{"name":"us-central1-api"},"message":"[runtime-status] [12656] Ephemeral server survived."}}
[info] i  functions: Finished "us-central1-api" in ~1s {"metadata":{"emulator":{"name":"functions"},"function":{"name":"us-central1-api"},"message":"Finished \"us-central1-api\" in ~1s"}}
[debug] [2022-02-26T15:19:58.521Z] [worker-us-central1-api-876ec47a-1d70-4ea5-b9ad-fef9c628d3ad]: IDLE {"metadata":{"emulator":{"name":"functions"},"message":"[worker-us-central1-api-876ec47a-1d70-4ea5-b9ad-fef9c628d3ad]: IDLE"}}
[debug] [2022-02-26T15:19:58.523Z] [work-queue] {"queueLength":0,"workRunningCount":0}
[debug] [2022-02-26T15:20:23.990Z] [work-queue] {"queueLength":1,"workRunningCount":0}
[debug] [2022-02-26T15:20:23.992Z] [work-queue] {"queueLength":0,"workRunningCount":1}
[debug] [2022-02-26T15:20:23.992Z] Accepted request POST /clone-d5abf/us-central1/api/payments/create?total=0 --> us-central1-api
[debug] [2022-02-26T15:20:23.994Z] [worker-pool] submitWork(triggerId=us-central1-api) {"metadata":{"emulator":{"name":"functions"},"message":"[worker-pool] submitWork(triggerId=us-central1-api)"}}
[debug] [2022-02-26T15:20:23.994Z] [worker-us-central1-api-876ec47a-1d70-4ea5-b9ad-fef9c628d3ad]: Assigning socketPath: \\?\pipe\C:\Users\zahid\Desktop\Amazon-project\Ecommerce-project\functions\12656 {"metadata":{"emulator":{"name":"functions"},"message":"[worker-us-central1-api-876ec47a-1d70-4ea5-b9ad-fef9c628d3ad]: Assigning socketPath: \\\\?\\pipe\\C:\\Users\\zahid\\Desktop\\Amazon-project\\Ecommerce-project\\functions\\12656"}}
[debug] [2022-02-26T15:20:23.995Z] [worker-us-central1-api-876ec47a-1d70-4ea5-b9ad-fef9c628d3ad]: BUSY {"metadata":{"emulator":{"name":"functions"},"message":"[worker-us-central1-api-876ec47a-1d70-4ea5-b9ad-fef9c628d3ad]: BUSY"}}
[debug] [2022-02-26T15:20:23.997Z] [runtime-status] [12656] Trigger "us-central1-api" has been found, beginning invocation! {"metadata":{"emulator":{"name":"functions"},"function":{"name":"us-central1-api"},"message":"[runtime-status] [12656] Trigger \"us-central1-api\" has been found, beginning invocation!"}}
[info] i  functions: Beginning execution of "us-central1-api" {"metadata":{"emulator":{"name":"functions"},"function":{"name":"us-central1-api"},"message":"Beginning execution of \"us-central1-api\""}}
[debug] [2022-02-26T15:20:24.002Z] [runtime-status] [12656] triggerDefinition {"httpsTrigger":{},"name":"api","entryPoint":"api","regions":["us-central1"],"region":"us-central1","id":"us-central1-api","platform":"gcfv1"} {"metadata":{"emulator":{"name":"functions"},"function":{"name":"us-central1-api"},"message":"[runtime-status] [12656] triggerDefinition {\"httpsTrigger\":{},\"name\":\"api\",\"entryPoint\":\"api\",\"regions\":[\"us-central1\"],\"region\":\"us-central1\",\"id\":\"us-central1-api\",\"platform\":\"gcfv1\"}"}}
[debug] [2022-02-26T15:20:24.003Z] [runtime-status] [12656] Running us-central1-api in signature http {"metadata":{"emulator":{"name":"functions"},"function":{"name":"us-central1-api"},"message":"[runtime-status] [12656] Running us-central1-api in signature http"}}
[debug] [2022-02-26T15:20:24.004Z] [runtime-status] [12656] Attempting to listen to socketPath: \\?\pipe\C:\Users\zahid\Desktop\Amazon-project\Ecommerce-project\functions\12656 {"metadata":{"emulator":{"name":"functions"},"function":{"name":"us-central1-api"},"message":"[runtime-status] [12656] Attempting to listen to socketPath: \\\\?\\pipe\\C:\\Users\\zahid\\Desktop\\Amazon-project\\Ecommerce-project\\functions\\12656"}}
[debug] [2022-02-26T15:20:24.007Z] [functions] Runtime ready! Sending request! {"metadata":{"emulator":{"name":"functions"},"message":"[functions] Runtime ready! Sending request!"}}
[debug] [2022-02-26T15:20:24.007Z] [functions] Got req.url=/clone-d5abf/us-central1/api/payments/create?total=0, mapping to path=/payments/create?total=0 {"metadata":{"emulator":{"name":"functions"},"message":"[functions] Got req.url=/clone-d5abf/us-central1/api/payments/create?total=0, mapping to path=/payments/create?total=0"}}
[debug] [2022-02-26T15:20:24.012Z] [runtime-status] [12656] Ephemeral server handling POST request {"metadata":{"emulator":{"name":"functions"},"function":{"name":"us-central1-api"},"message":"[runtime-status] [12656] Ephemeral server handling POST request"}}
[info] >  Payment Request: 0 {"user":"Payment Request: 0","metadata":{"emulator":{"name":"functions"},"function":{"name":"us-central1-api"},"message":"\u001b[90m> \u001b[39m Payment Request: 0"}}
[debug] [2022-02-26T15:20:24.015Z] [runtime-status] [12656] Ephemeral server survived. {"metadata":{"emulator":{"name":"functions"},"function":{"name":"us-central1-api"},"message":"[runtime-status] [12656] Ephemeral server survived."}}
[info] >  C:\Users\zahid\Desktop\Amazon-project\Ecommerce-project\functions\node_modules\stripe\lib\Error.js:40 {"user":"C:\\Users\\zahid\\Desktop\\Amazon-project\\Ecommerce-project\\functions\\node_modules\\stripe\\lib\\Error.js:40\r","metadata":{"emulator":{"name":"functions"},"function":{"name":"us-central1-api"},"message":"\u001b[90m> \u001b[39m C:\\Users\\zahid\\Desktop\\Amazon-project\\Ecommerce-project\\functions\\node_modules\\stripe\\lib\\Error.js:40\r"}}
[info] >          return new StripeInvalidRequestError(rawStripeError); {"user":"        return new StripeInvalidRequestError(rawStripeError);\r","metadata":{"emulator":{"name":"functions"},"function":{"name":"us-central1-api"},"message":"\u001b[90m> \u001b[39m         return new StripeInvalidRequestError(rawStripeError);\r"}}
[info] >                 ^ {"user":"               ^\r","metadata":{"emulator":{"name":"functions"},"function":{"name":"us-central1-api"},"message":"\u001b[90m> \u001b[39m                ^\r"}}
[info] >   {"user":"\r","metadata":{"emulator":{"name":"functions"},"function":{"name":"us-central1-api"},"message":"\u001b[90m> \u001b[39m \r"}}
[info] >  StripeInvalidRequestError: This value must be greater than or equal to 1. {"user":"StripeInvalidRequestError: This value must be greater than or equal to 1.\r","metadata":{"emulator":{"name":"functions"},"function":{"name":"us-central1-api"},"message":"\u001b[90m> \u001b[39m StripeInvalidRequestError: This value must be greater than or equal to 1.\r"}}
[info] >      at Function.generate (C:\Users\zahid\Desktop\Amazon-project\Ecommerce-project\functions\node_modules\stripe\lib\Error.js:40:16) {"user":"    at Function.generate (C:\\Users\\zahid\\Desktop\\Amazon-project\\Ecommerce-project\\functions\\node_modules\\stripe\\lib\\Error.js:40:16)\r","metadata":{"emulator":{"name":"functions"},"function":{"name":"us-central1-api"},"message":"\u001b[90m> \u001b[39m     at Function.generate (C:\\Users\\zahid\\Desktop\\Amazon-project\\Ecommerce-project\\functions\\node_modules\\stripe\\lib\\Error.js:40:16)\r"}}
[info] >      at res.toJSON.then.StripeAPIError.message (C:\Users\zahid\Desktop\Amazon-project\Ecommerce-project\functions\node_modules\stripe\lib\StripeResource.js:220:35) {"user":"    at res.toJSON.then.StripeAPIError.message (C:\\Users\\zahid\\Desktop\\Amazon-project\\Ecommerce-project\\functions\\node_modules\\stripe\\lib\\StripeResource.js:220:35)\r","metadata":{"emulator":{"name":"functions"},"function":{"name":"us-central1-api"},"message":"\u001b[90m> \u001b[39m     at res.toJSON.then.StripeAPIError.message (C:\\Users\\zahid\\Desktop\\Amazon-project\\Ecommerce-project\\functions\\node_modules\\stripe\\lib\\StripeResource.js:220:35)\r"}}
[info] >      at processTicksAndRejections (node:internal/process/task_queues:96:5) { {"user":"    at processTicksAndRejections (node:internal/process/task_queues:96:5) {\r","metadata":{"emulator":{"name":"functions"},"function":{"name":"us-central1-api"},"message":"\u001b[90m> \u001b[39m     at processTicksAndRejections (node:internal/process/task_queues:96:5) {\r"}}
[info] >    type: 'StripeInvalidRequestError', {"user":"  type: 'StripeInvalidRequestError',\r","metadata":{"emulator":{"name":"functions"},"function":{"name":"us-central1-api"},"message":"\u001b[90m> \u001b[39m   type: 'StripeInvalidRequestError',\r"}}
[info] >    raw: { {"user":"  raw: {\r","metadata":{"emulator":{"name":"functions"},"function":{"name":"us-central1-api"},"message":"\u001b[90m> \u001b[39m   raw: {\r"}}
[info] >      code: 'parameter_invalid_integer', {"user":"    code: 'parameter_invalid_integer',\r","metadata":{"emulator":{"name":"functions"},"function":{"name":"us-central1-api"},"message":"\u001b[90m> \u001b[39m     code: 'parameter_invalid_integer',\r"}}
[info] >      doc_url: 'https://stripe.com/docs/error-codes/parameter-invalid-integer', {"user":"    doc_url: 'https://stripe.com/docs/error-codes/parameter-invalid-integer',\r","metadata":{"emulator":{"name":"functions"},"function":{"name":"us-central1-api"},"message":"\u001b[90m> \u001b[39m     doc_url: 'https://stripe.com/docs/error-codes/parameter-invalid-integer',\r"}}
[info] >      message: 'This value must be greater than or equal to 1.', {"user":"    message: 'This value must be greater than or equal to 1.',\r","metadata":{"emulator":{"name":"functions"},"function":{"name":"us-central1-api"},"message":"\u001b[90m> \u001b[39m     message: 'This value must be greater than or equal to 1.',\r"}}
[info] >      param: 'amount', {"user":"    param: 'amount',\r","metadata":{"emulator":{"name":"functions"},"function":{"name":"us-central1-api"},"message":"\u001b[90m> \u001b[39m     param: 'amount',\r"}}
[info] >      type: 'invalid_request_error', {"user":"    type: 'invalid_request_error',\r","metadata":{"emulator":{"name":"functions"},"function":{"name":"us-central1-api"},"message":"\u001b[90m> \u001b[39m     type: 'invalid_request_error',\r"}}
[info] >      headers: { {"user":"    headers: {\r","metadata":{"emulator":{"name":"functions"},"function":{"name":"us-central1-api"},"message":"\u001b[90m> \u001b[39m     headers: {\r"}}
[info] >        server: 'nginx', {"user":"      server: 'nginx',\r","metadata":{"emulator":{"name":"functions"},"function":{"name":"us-central1-api"},"message":"\u001b[90m> \u001b[39m       server: 'nginx',\r"}}
[info] >        date: 'Sat, 26 Feb 2022 15:20:23 GMT', {"user":"      date: 'Sat, 26 Feb 2022 15:20:23 GMT',\r","metadata":{"emulator":{"name":"functions"},"function":{"name":"us-central1-api"},"message":"\u001b[90m> \u001b[39m       date: 'Sat, 26 Feb 2022 15:20:23 GMT',\r"}}
[info] >        'content-type': 'application/json', {"user":"      'content-type': 'application/json',\r","metadata":{"emulator":{"name":"functions"},"function":{"name":"us-central1-api"},"message":"\u001b[90m> \u001b[39m       'content-type': 'application/json',\r"}}
[info] >        'content-length': '266', {"user":"      'content-length': '266',\r","metadata":{"emulator":{"name":"functions"},"function":{"name":"us-central1-api"},"message":"\u001b[90m> \u001b[39m       'content-length': '266',\r"}}
[info] >        connection: 'keep-alive', {"user":"      connection: 'keep-alive',\r","metadata":{"emulator":{"name":"functions"},"function":{"name":"us-central1-api"},"message":"\u001b[90m> \u001b[39m       connection: 'keep-alive',\r"}}
[info] >        'access-control-allow-credentials': 'true', {"user":"      'access-control-allow-credentials': 'true',\r","metadata":{"emulator":{"name":"functions"},"function":{"name":"us-central1-api"},"message":"\u001b[90m> \u001b[39m       'access-control-allow-credentials': 'true',\r"}}
[info] >        'access-control-allow-methods': 'GET, POST, HEAD, OPTIONS, DELETE', {"user":"      'access-control-allow-methods': 'GET, POST, HEAD, OPTIONS, DELETE',\r","metadata":{"emulator":{"name":"functions"},"function":{"name":"us-central1-api"},"message":"\u001b[90m> \u001b[39m       'access-control-allow-methods': 'GET, POST, HEAD, OPTIONS, DELETE',\r"}}
[info] >        'access-control-allow-origin': '*', {"user":"      'access-control-allow-origin': '*',\r","metadata":{"emulator":{"name":"functions"},"function":{"name":"us-central1-api"},"message":"\u001b[90m> \u001b[39m       'access-control-allow-origin': '*',\r"}}
[info] >        'access-control-expose-headers': 'Request-Id, Stripe-Manage-Version, X-Stripe-External-Auth-Required, X-Stripe-Privileged-Session-Required', {"user":"      'access-control-expose-headers': 'Request-Id, Stripe-Manage-Version, X-Stripe-External-Auth-Required, X-Stripe-Privileged-Session-Required',\r","metadata":{"emulator":{"name":"functions"},"function":{"name":"us-central1-api"},"message":"\u001b[90m> \u001b[39m       'access-control-expose-headers': 'Request-Id, Stripe-Manage-Version, X-Stripe-External-Auth-Required, X-Stripe-Privileged-Session-Required',\r"}}
[info] >        'access-control-max-age': '300', {"user":"      'access-control-max-age': '300',\r","metadata":{"emulator":{"name":"functions"},"function":{"name":"us-central1-api"},"message":"\u001b[90m> \u001b[39m       'access-control-max-age': '300',\r"}}
[info] >        'cache-control': 'no-cache, no-store', {"user":"      'cache-control': 'no-cache, no-store',\r","metadata":{"emulator":{"name":"functions"},"function":{"name":"us-central1-api"},"message":"\u001b[90m> \u001b[39m       'cache-control': 'no-cache, no-store',\r"}}
[info] >        'idempotency-key': '813fa538-9fe8-4d65-8096-057410556357', {"user":"      'idempotency-key': '813fa538-9fe8-4d65-8096-057410556357',\r","metadata":{"emulator":{"name":"functions"},"function":{"name":"us-central1-api"},"message":"\u001b[90m> \u001b[39m       'idempotency-key': '813fa538-9fe8-4d65-8096-057410556357',\r"}}
[info] >        'original-request': 'req_n3oeF9yJXxOTdv', {"user":"      'original-request': 'req_n3oeF9yJXxOTdv',\r","metadata":{"emulator":{"name":"functions"},"function":{"name":"us-central1-api"},"message":"\u001b[90m> \u001b[39m       'original-request': 'req_n3oeF9yJXxOTdv',\r"}}
[info] >        'request-id': 'req_n3oeF9yJXxOTdv', {"user":"      'request-id': 'req_n3oeF9yJXxOTdv',\r","metadata":{"emulator":{"name":"functions"},"function":{"name":"us-central1-api"},"message":"\u001b[90m> \u001b[39m       'request-id': 'req_n3oeF9yJXxOTdv',\r"}}
[info] >        'stripe-version': '2020-08-27', {"user":"      'stripe-version': '2020-08-27',\r","metadata":{"emulator":{"name":"functions"},"function":{"name":"us-central1-api"},"message":"\u001b[90m> \u001b[39m       'stripe-version': '2020-08-27',\r"}}
[info] >        'strict-transport-security': 'max-age=31556926; includeSubDomains; preload' {"user":"      'strict-transport-security': 'max-age=31556926; includeSubDomains; preload'\r","metadata":{"emulator":{"name":"functions"},"function":{"name":"us-central1-api"},"message":"\u001b[90m> \u001b[39m       'strict-transport-security': 'max-age=31556926; includeSubDomains; preload'\r"}}
[info] >      }, {"user":"    },\r","metadata":{"emulator":{"name":"functions"},"function":{"name":"us-central1-api"},"message":"\u001b[90m> \u001b[39m     },\r"}}
[info] >      statusCode: 400, {"user":"    statusCode: 400,\r","metadata":{"emulator":{"name":"functions"},"function":{"name":"us-central1-api"},"message":"\u001b[90m> \u001b[39m     statusCode: 400,\r"}}
[info] >      requestId: 'req_n3oeF9yJXxOTdv' {"user":"    requestId: 'req_n3oeF9yJXxOTdv'\r","metadata":{"emulator":{"name":"functions"},"function":{"name":"us-central1-api"},"message":"\u001b[90m> \u001b[39m     requestId: 'req_n3oeF9yJXxOTdv'\r"}}
[info] >    }, {"user":"  },\r","metadata":{"emulator":{"name":"functions"},"function":{"name":"us-central1-api"},"message":"\u001b[90m> \u001b[39m   },\r"}}
[info] >    rawType: 'invalid_request_error', {"user":"  rawType: 'invalid_request_error',\r","metadata":{"emulator":{"name":"functions"},"function":{"name":"us-central1-api"},"message":"\u001b[90m> \u001b[39m   rawType: 'invalid_request_error',\r"}}
[info] >    code: 'parameter_invalid_integer', {"user":"  code: 'parameter_invalid_integer',\r","metadata":{"emulator":{"name":"functions"},"function":{"name":"us-central1-api"},"message":"\u001b[90m> \u001b[39m   code: 'parameter_invalid_integer',\r"}}
[info] >    doc_url: 'https://stripe.com/docs/error-codes/parameter-invalid-integer', {"user":"  doc_url: 'https://stripe.com/docs/error-codes/parameter-invalid-integer',\r","metadata":{"emulator":{"name":"functions"},"function":{"name":"us-central1-api"},"message":"\u001b[90m> \u001b[39m   doc_url: 'https://stripe.com/docs/error-codes/parameter-invalid-integer',\r"}}
[info] >    param: 'amount', {"user":"  param: 'amount',\r","metadata":{"emulator":{"name":"functions"},"function":{"name":"us-central1-api"},"message":"\u001b[90m> \u001b[39m   param: 'amount',\r"}}
[info] >    detail: undefined, {"user":"  detail: undefined,\r","metadata":{"emulator":{"name":"functions"},"function":{"name":"us-central1-api"},"message":"\u001b[90m> \u001b[39m   detail: undefined,\r"}}
[info] >    headers: { {"user":"  headers: {\r","metadata":{"emulator":{"name":"functions"},"function":{"name":"us-central1-api"},"message":"\u001b[90m> \u001b[39m   headers: {\r"}}
[info] >      server: 'nginx', {"user":"    server: 'nginx',\r","metadata":{"emulator":{"name":"functions"},"function":{"name":"us-central1-api"},"message":"\u001b[90m> \u001b[39m     server: 'nginx',\r"}}
[info] >      date: 'Sat, 26 Feb 2022 15:20:23 GMT', {"user":"    date: 'Sat, 26 Feb 2022 15:20:23 GMT',\r","metadata":{"emulator":{"name":"functions"},"function":{"name":"us-central1-api"},"message":"\u001b[90m> \u001b[39m     date: 'Sat, 26 Feb 2022 15:20:23 GMT',\r"}}
[info] >      'content-type': 'application/json', {"user":"    'content-type': 'application/json',\r","metadata":{"emulator":{"name":"functions"},"function":{"name":"us-central1-api"},"message":"\u001b[90m> \u001b[39m     'content-type': 'application/json',\r"}}
[info] >      'content-length': '266', {"user":"    'content-length': '266',\r","metadata":{"emulator":{"name":"functions"},"function":{"name":"us-central1-api"},"message":"\u001b[90m> \u001b[39m     'content-length': '266',\r"}}
[info] >      connection: 'keep-alive', {"user":"    connection: 'keep-alive',\r","metadata":{"emulator":{"name":"functions"},"function":{"name":"us-central1-api"},"message":"\u001b[90m> \u001b[39m     connection: 'keep-alive',\r"}}
[info] >      'access-control-allow-credentials': 'true', {"user":"    'access-control-allow-credentials': 'true',\r","metadata":{"emulator":{"name":"functions"},"function":{"name":"us-central1-api"},"message":"\u001b[90m> \u001b[39m     'access-control-allow-credentials': 'true',\r"}}
[info] >      'access-control-allow-methods': 'GET, POST, HEAD, OPTIONS, DELETE', {"user":"    'access-control-allow-methods': 'GET, POST, HEAD, OPTIONS, DELETE',\r","metadata":{"emulator":{"name":"functions"},"function":{"name":"us-central1-api"},"message":"\u001b[90m> \u001b[39m     'access-control-allow-methods': 'GET, POST, HEAD, OPTIONS, DELETE',\r"}}
[info] >      'access-control-allow-origin': '*', {"user":"    'access-control-allow-origin': '*',\r","metadata":{"emulator":{"name":"functions"},"function":{"name":"us-central1-api"},"message":"\u001b[90m> \u001b[39m     'access-control-allow-origin': '*',\r"}}
[info] >      'access-control-expose-headers': 'Request-Id, Stripe-Manage-Version, X-Stripe-External-Auth-Required, X-Stripe-Privileged-Session-Required', {"user":"    'access-control-expose-headers': 'Request-Id, Stripe-Manage-Version, X-Stripe-External-Auth-Required, X-Stripe-Privileged-Session-Required',\r","metadata":{"emulator":{"name":"functions"},"function":{"name":"us-central1-api"},"message":"\u001b[90m> \u001b[39m     'access-control-expose-headers': 'Request-Id, Stripe-Manage-Version, X-Stripe-External-Auth-Required, X-Stripe-Privileged-Session-Required',\r"}}
[info] >      'access-control-max-age': '300', {"user":"    'access-control-max-age': '300',\r","metadata":{"emulator":{"name":"functions"},"function":{"name":"us-central1-api"},"message":"\u001b[90m> \u001b[39m     'access-control-max-age': '300',\r"}}
[info] >      'cache-control': 'no-cache, no-store', {"user":"    'cache-control': 'no-cache, no-store',\r","metadata":{"emulator":{"name":"functions"},"function":{"name":"us-central1-api"},"message":"\u001b[90m> \u001b[39m     'cache-control': 'no-cache, no-store',\r"}}
[info] >      'idempotency-key': '813fa538-9fe8-4d65-8096-057410556357', {"user":"    'idempotency-key': '813fa538-9fe8-4d65-8096-057410556357',\r","metadata":{"emulator":{"name":"functions"},"function":{"name":"us-central1-api"},"message":"\u001b[90m> \u001b[39m     'idempotency-key': '813fa538-9fe8-4d65-8096-057410556357',\r"}}
[info] >      'original-request': 'req_n3oeF9yJXxOTdv', {"user":"    'original-request': 'req_n3oeF9yJXxOTdv',\r","metadata":{"emulator":{"name":"functions"},"function":{"name":"us-central1-api"},"message":"\u001b[90m> \u001b[39m     'original-request': 'req_n3oeF9yJXxOTdv',\r"}}
[info] >      'request-id': 'req_n3oeF9yJXxOTdv', {"user":"    'request-id': 'req_n3oeF9yJXxOTdv',\r","metadata":{"emulator":{"name":"functions"},"function":{"name":"us-central1-api"},"message":"\u001b[90m> \u001b[39m     'request-id': 'req_n3oeF9yJXxOTdv',\r"}}
[info] >      'stripe-version': '2020-08-27', {"user":"    'stripe-version': '2020-08-27',\r","metadata":{"emulator":{"name":"functions"},"function":{"name":"us-central1-api"},"message":"\u001b[90m> \u001b[39m     'stripe-version': '2020-08-27',\r"}}
[info] >      'strict-transport-security': 'max-age=31556926; includeSubDomains; preload' {"user":"    'strict-transport-security': 'max-age=31556926; includeSubDomains; preload'\r","metadata":{"emulator":{"name":"functions"},"function":{"name":"us-central1-api"},"message":"\u001b[90m> \u001b[39m     'strict-transport-security': 'max-age=31556926; includeSubDomains; preload'\r"}}
[info] >    }, {"user":"  },\r","metadata":{"emulator":{"name":"functions"},"function":{"name":"us-central1-api"},"message":"\u001b[90m> \u001b[39m   },\r"}}
[info] >    requestId: 'req_n3oeF9yJXxOTdv', {"user":"  requestId: 'req_n3oeF9yJXxOTdv',\r","metadata":{"emulator":{"name":"functions"},"function":{"name":"us-central1-api"},"message":"\u001b[90m> \u001b[39m   requestId: 'req_n3oeF9yJXxOTdv',\r"}}
[info] >    statusCode: 400, {"user":"  statusCode: 400,\r","metadata":{"emulator":{"name":"functions"},"function":{"name":"us-central1-api"},"message":"\u001b[90m> \u001b[39m   statusCode: 400,\r"}}
[info] >    charge: undefined, {"user":"  charge: undefined,\r","metadata":{"emulator":{"name":"functions"},"function":{"name":"us-central1-api"},"message":"\u001b[90m> \u001b[39m   charge: undefined,\r"}}
[info] >    decline_code: undefined, {"user":"  decline_code: undefined,\r","metadata":{"emulator":{"name":"functions"},"function":{"name":"us-central1-api"},"message":"\u001b[90m> \u001b[39m   decline_code: undefined,\r"}}
[info] >    payment_intent: undefined, {"user":"  payment_intent: undefined,\r","metadata":{"emulator":{"name":"functions"},"function":{"name":"us-central1-api"},"message":"\u001b[90m> \u001b[39m   payment_intent: undefined,\r"}}
[info] >    payment_method: undefined, {"user":"  payment_method: undefined,\r","metadata":{"emulator":{"name":"functions"},"function":{"name":"us-central1-api"},"message":"\u001b[90m> \u001b[39m   payment_method: undefined,\r"}}
[info] >    payment_method_type: undefined, {"user":"  payment_method_type: undefined,\r","metadata":{"emulator":{"name":"functions"},"function":{"name":"us-central1-api"},"message":"\u001b[90m> \u001b[39m   payment_method_type: undefined,\r"}}
[info] >    setup_intent: undefined, {"user":"  setup_intent: undefined,\r","metadata":{"emulator":{"name":"functions"},"function":{"name":"us-central1-api"},"message":"\u001b[90m> \u001b[39m   setup_intent: undefined,\r"}}
[info] >    source: undefined {"user":"  source: undefined\r","metadata":{"emulator":{"name":"functions"},"function":{"name":"us-central1-api"},"message":"\u001b[90m> \u001b[39m   source: undefined\r"}}
[info] >  } {"user":"}\r","metadata":{"emulator":{"name":"functions"},"function":{"name":"us-central1-api"},"message":"\u001b[90m> \u001b[39m }\r"}}
[debug] [2022-02-26T15:20:25.622Z] [worker-us-central1-api-876ec47a-1d70-4ea5-b9ad-fef9c628d3ad]: exited {"metadata":{"emulator":{"name":"functions"},"message":"[worker-us-central1-api-876ec47a-1d70-4ea5-b9ad-fef9c628d3ad]: exited"}}
[debug] [2022-02-26T15:20:25.622Z] [worker-us-central1-api-876ec47a-1d70-4ea5-b9ad-fef9c628d3ad]: FINISHED {"metadata":{"emulator":{"name":"functions"},"message":"[worker-us-central1-api-876ec47a-1d70-4ea5-b9ad-fef9c628d3ad]: FINISHED"}}
[debug] [2022-02-26T15:20:25.623Z] [work-queue] {"queueLength":0,"workRunningCount":0}
[debug] [2022-02-26T15:26:40.115Z] [work-queue] {"queueLength":1,"workRunningCount":0}
[debug] [2022-02-26T15:26:40.116Z] [work-queue] {"queueLength":0,"workRunningCount":1}
[debug] [2022-02-26T15:26:40.116Z] Accepted request POST /clone-d5abf/us-central1/api/payments/create?total=350000 --> us-central1-api
[debug] [2022-02-26T15:26:40.117Z] [worker-pool] Cleaned up workers for us-central1-api: 1 --> 0 {"metadata":{"emulator":{"name":"functions"},"message":"[worker-pool] Cleaned up workers for us-central1-api: 1 --> 0"}}
[debug] [2022-02-26T15:26:40.138Z] [worker-pool] addWorker(us-central1-api) {"metadata":{"emulator":{"name":"functions"},"message":"[worker-pool] addWorker(us-central1-api)"}}
[debug] [2022-02-26T15:26:40.139Z] [worker-pool] Adding worker with key us-central1-api, total=1 {"metadata":{"emulator":{"name":"functions"},"message":"[worker-pool] Adding worker with key us-central1-api, total=1"}}
[debug] [2022-02-26T15:26:40.139Z] [worker-pool] submitWork(triggerId=us-central1-api) {"metadata":{"emulator":{"name":"functions"},"message":"[worker-pool] submitWork(triggerId=us-central1-api)"}}
[debug] [2022-02-26T15:26:40.139Z] [worker-us-central1-api-0fa1dfb4-0264-48f2-b345-5a66dd06d0af]: Assigning socketPath: \\?\pipe\C:\Users\zahid\Desktop\Amazon-project\Ecommerce-project\functions\7232 {"metadata":{"emulator":{"name":"functions"},"message":"[worker-us-central1-api-0fa1dfb4-0264-48f2-b345-5a66dd06d0af]: Assigning socketPath: \\\\?\\pipe\\C:\\Users\\zahid\\Desktop\\Amazon-project\\Ecommerce-project\\functions\\7232"}}
[debug] [2022-02-26T15:26:40.139Z] [worker-us-central1-api-0fa1dfb4-0264-48f2-b345-5a66dd06d0af]: BUSY {"metadata":{"emulator":{"name":"functions"},"message":"[worker-us-central1-api-0fa1dfb4-0264-48f2-b345-5a66dd06d0af]: BUSY"}}
[debug] [2022-02-26T15:26:41.712Z] [runtime-status] [7232] Functions runtime initialized. {"cwd":"C:\\Users\\zahid\\Desktop\\Amazon-project\\Ecommerce-project\\functions","node_version":"16.13.2"} {"metadata":{"emulator":{"name":"functions"},"function":{"name":"us-central1-api"},"message":"[runtime-status] [7232] Functions runtime initialized. {\"cwd\":\"C:\\\\Users\\\\zahid\\\\Desktop\\\\Amazon-project\\\\Ecommerce-project\\\\functions\",\"node_version\":\"16.13.2\"}"}}
[debug] [2022-02-26T15:26:41.714Z] [runtime-status] [7232] Disabled runtime features: undefined {"metadata":{"emulator":{"name":"functions"},"function":{"name":"us-central1-api"},"message":"[runtime-status] [7232] Disabled runtime features: undefined"}}
[debug] [2022-02-26T15:26:41.736Z] [runtime-status] [7232] Resolved module firebase-admin {"declared":true,"installed":true,"version":"9.12.0","resolution":"C:\\Users\\zahid\\Desktop\\Amazon-project\\Ecommerce-project\\functions\\node_modules\\firebase-admin\\lib\\index.js"} {"metadata":{"emulator":{"name":"functions"},"function":{"name":"us-central1-api"},"message":"[runtime-status] [7232] Resolved module firebase-admin {\"declared\":true,\"installed\":true,\"version\":\"9.12.0\",\"resolution\":\"C:\\\\Users\\\\zahid\\\\Desktop\\\\Amazon-project\\\\Ecommerce-project\\\\functions\\\\node_modules\\\\firebase-admin\\\\lib\\\\index.js\"}"}}
[debug] [2022-02-26T15:26:41.743Z] [runtime-status] [7232] Resolved module firebase-functions {"declared":true,"installed":true,"version":"3.17.1","resolution":"C:\\Users\\zahid\\Desktop\\Amazon-project\\Ecommerce-project\\functions\\node_modules\\firebase-functions\\lib\\index.js"} {"metadata":{"emulator":{"name":"functions"},"function":{"name":"us-central1-api"},"message":"[runtime-status] [7232] Resolved module firebase-functions {\"declared\":true,\"installed\":true,\"version\":\"3.17.1\",\"resolution\":\"C:\\\\Users\\\\zahid\\\\Desktop\\\\Amazon-project\\\\Ecommerce-project\\\\functions\\\\node_modules\\\\firebase-functions\\\\lib\\\\index.js\"}"}}
[debug] [2022-02-26T15:26:41.747Z] [runtime-status] [7232] Outgoing network have been stubbed. [{"name":"http","status":"mocked"},{"name":"http","status":"mocked"},{"name":"https","status":"mocked"},{"name":"https","status":"mocked"},{"name":"net","status":"mocked"}] {"metadata":{"emulator":{"name":"functions"},"function":{"name":"us-central1-api"},"message":"[runtime-status] [7232] Outgoing network have been stubbed. [{\"name\":\"http\",\"status\":\"mocked\"},{\"name\":\"http\",\"status\":\"mocked\"},{\"name\":\"https\",\"status\":\"mocked\"},{\"name\":\"https\",\"status\":\"mocked\"},{\"name\":\"net\",\"status\":\"mocked\"}]"}}
[debug] [2022-02-26T15:26:41.751Z] [runtime-status] [7232] Resolved module firebase-functions {"declared":true,"installed":true,"version":"3.17.1","resolution":"C:\\Users\\zahid\\Desktop\\Amazon-project\\Ecommerce-project\\functions\\node_modules\\firebase-functions\\lib\\index.js"} {"metadata":{"emulator":{"name":"functions"},"function":{"name":"us-central1-api"},"message":"[runtime-status] [7232] Resolved module firebase-functions {\"declared\":true,\"installed\":true,\"version\":\"3.17.1\",\"resolution\":\"C:\\\\Users\\\\zahid\\\\Desktop\\\\Amazon-project\\\\Ecommerce-project\\\\functions\\\\node_modules\\\\firebase-functions\\\\lib\\\\index.js\"}"}}
[debug] [2022-02-26T15:26:42.143Z] [runtime-status] [7232] Checked functions.config() {"config":{}} {"metadata":{"emulator":{"name":"functions"},"function":{"name":"us-central1-api"},"message":"[runtime-status] [7232] Checked functions.config() {\"config\":{}}"}}
[debug] [2022-02-26T15:26:42.144Z] [runtime-status] [7232] firebase-functions has been stubbed. {"functionsResolution":{"declared":true,"installed":true,"version":"3.17.1","resolution":"C:\\Users\\zahid\\Desktop\\Amazon-project\\Ecommerce-project\\functions\\node_modules\\firebase-functions\\lib\\index.js"}} {"metadata":{"emulator":{"name":"functions"},"function":{"name":"us-central1-api"},"message":"[runtime-status] [7232] firebase-functions has been stubbed. {\"functionsResolution\":{\"declared\":true,\"installed\":true,\"version\":\"3.17.1\",\"resolution\":\"C:\\\\Users\\\\zahid\\\\Desktop\\\\Amazon-project\\\\Ecommerce-project\\\\functions\\\\node_modules\\\\firebase-functions\\\\lib\\\\index.js\"}}"}}
[debug] [2022-02-26T15:26:42.145Z] [runtime-status] [7232] Resolved module firebase-functions {"declared":true,"installed":true,"version":"3.17.1","resolution":"C:\\Users\\zahid\\Desktop\\Amazon-project\\Ecommerce-project\\functions\\node_modules\\firebase-functions\\lib\\index.js"} {"metadata":{"emulator":{"name":"functions"},"function":{"name":"us-central1-api"},"message":"[runtime-status] [7232] Resolved module firebase-functions {\"declared\":true,\"installed\":true,\"version\":\"3.17.1\",\"resolution\":\"C:\\\\Users\\\\zahid\\\\Desktop\\\\Amazon-project\\\\Ecommerce-project\\\\functions\\\\node_modules\\\\firebase-functions\\\\lib\\\\index.js\"}"}}
[debug] [2022-02-26T15:26:42.148Z] [runtime-status] [7232] Resolved module firebase-admin {"declared":true,"installed":true,"version":"9.12.0","resolution":"C:\\Users\\zahid\\Desktop\\Amazon-project\\Ecommerce-project\\functions\\node_modules\\firebase-admin\\lib\\index.js"} {"metadata":{"emulator":{"name":"functions"},"function":{"name":"us-central1-api"},"message":"[runtime-status] [7232] Resolved module firebase-admin {\"declared\":true,\"installed\":true,\"version\":\"9.12.0\",\"resolution\":\"C:\\\\Users\\\\zahid\\\\Desktop\\\\Amazon-project\\\\Ecommerce-project\\\\functions\\\\node_modules\\\\firebase-admin\\\\lib\\\\index.js\"}"}}
[debug] [2022-02-26T15:26:42.149Z] [runtime-status] [7232] Resolved module firebase-functions {"declared":true,"installed":true,"version":"3.17.1","resolution":"C:\\Users\\zahid\\Desktop\\Amazon-project\\Ecommerce-project\\functions\\node_modules\\firebase-functions\\lib\\index.js"} {"metadata":{"emulator":{"name":"functions"},"function":{"name":"us-central1-api"},"message":"[runtime-status] [7232] Resolved module firebase-functions {\"declared\":true,\"installed\":true,\"version\":\"3.17.1\",\"resolution\":\"C:\\\\Users\\\\zahid\\\\Desktop\\\\Amazon-project\\\\Ecommerce-project\\\\functions\\\\node_modules\\\\firebase-functions\\\\lib\\\\index.js\"}"}}
[debug] [2022-02-26T15:26:42.150Z] [runtime-status] [7232] firebase-admin has been stubbed. {"adminResolution":{"declared":true,"installed":true,"version":"9.12.0","resolution":"C:\\Users\\zahid\\Desktop\\Amazon-project\\Ecommerce-project\\functions\\node_modules\\firebase-admin\\lib\\index.js"}} {"metadata":{"emulator":{"name":"functions"},"function":{"name":"us-central1-api"},"message":"[runtime-status] [7232] firebase-admin has been stubbed. {\"adminResolution\":{\"declared\":true,\"installed\":true,\"version\":\"9.12.0\",\"resolution\":\"C:\\\\Users\\\\zahid\\\\Desktop\\\\Amazon-project\\\\Ecommerce-project\\\\functions\\\\node_modules\\\\firebase-admin\\\\lib\\\\index.js\"}}"}}
[debug] [2022-02-26T15:26:44.008Z] [runtime-status] [7232] Trigger "us-central1-api" has been found, beginning invocation! {"metadata":{"emulator":{"name":"functions"},"function":{"name":"us-central1-api"},"message":"[runtime-status] [7232] Trigger \"us-central1-api\" has been found, beginning invocation!"}}
[info] i  functions: Beginning execution of "us-central1-api" {"metadata":{"emulator":{"name":"functions"},"function":{"name":"us-central1-api"},"message":"Beginning execution of \"us-central1-api\""}}
[debug] [2022-02-26T15:26:44.010Z] [runtime-status] [7232] triggerDefinition {"httpsTrigger":{},"name":"api","entryPoint":"api","regions":["us-central1"],"region":"us-central1","id":"us-central1-api","platform":"gcfv1"} {"metadata":{"emulator":{"name":"functions"},"function":{"name":"us-central1-api"},"message":"[runtime-status] [7232] triggerDefinition {\"httpsTrigger\":{},\"name\":\"api\",\"entryPoint\":\"api\",\"regions\":[\"us-central1\"],\"region\":\"us-central1\",\"id\":\"us-central1-api\",\"platform\":\"gcfv1\"}"}}
[debug] [2022-02-26T15:26:44.011Z] [runtime-status] [7232] Running us-central1-api in signature http {"metadata":{"emulator":{"name":"functions"},"function":{"name":"us-central1-api"},"message":"[runtime-status] [7232] Running us-central1-api in signature http"}}
[debug] [2022-02-26T15:26:44.017Z] [runtime-status] [7232] Attempting to listen to socketPath: \\?\pipe\C:\Users\zahid\Desktop\Amazon-project\Ecommerce-project\functions\7232 {"metadata":{"emulator":{"name":"functions"},"function":{"name":"us-central1-api"},"message":"[runtime-status] [7232] Attempting to listen to socketPath: \\\\?\\pipe\\C:\\Users\\zahid\\Desktop\\Amazon-project\\Ecommerce-project\\functions\\7232"}}
[debug] [2022-02-26T15:26:44.042Z] [functions] Runtime ready! Sending request! {"metadata":{"emulator":{"name":"functions"},"message":"[functions] Runtime ready! Sending request!"}}
[debug] [2022-02-26T15:26:44.043Z] [functions] Got req.url=/clone-d5abf/us-central1/api/payments/create?total=350000, mapping to path=/payments/create?total=350000 {"metadata":{"emulator":{"name":"functions"},"message":"[functions] Got req.url=/clone-d5abf/us-central1/api/payments/create?total=350000, mapping to path=/payments/create?total=350000"}}
[debug] [2022-02-26T15:26:44.056Z] [runtime-status] [7232] Ephemeral server handling POST request {"metadata":{"emulator":{"name":"functions"},"function":{"name":"us-central1-api"},"message":"[runtime-status] [7232] Ephemeral server handling POST request"}}
[info] >  Payment Request: 350000 {"user":"Payment Request: 350000","metadata":{"emulator":{"name":"functions"},"function":{"name":"us-central1-api"},"message":"\u001b[90m> \u001b[39m Payment Request: 350000"}}
[debug] [2022-02-26T15:26:44.101Z] [runtime-status] [7232] Ephemeral server survived. {"metadata":{"emulator":{"name":"functions"},"function":{"name":"us-central1-api"},"message":"[runtime-status] [7232] Ephemeral server survived."}}
[info] i  functions: Finished "us-central1-api" in ~1s {"metadata":{"emulator":{"name":"functions"},"function":{"name":"us-central1-api"},"message":"Finished \"us-central1-api\" in ~1s"}}
[debug] [2022-02-26T15:26:45.111Z] [worker-us-central1-api-0fa1dfb4-0264-48f2-b345-5a66dd06d0af]: IDLE {"metadata":{"emulator":{"name":"functions"},"message":"[worker-us-central1-api-0fa1dfb4-0264-48f2-b345-5a66dd06d0af]: IDLE"}}
[debug] [2022-02-26T15:26:45.112Z] [work-queue] {"queueLength":0,"workRunningCount":0}
[debug] [2022-02-26T15:26:57.269Z] [work-queue] {"queueLength":1,"workRunningCount":0}
[debug] [2022-02-26T15:26:57.272Z] [work-queue] {"queueLength":0,"workRunningCount":1}
[debug] [2022-02-26T15:26:57.273Z] Accepted request POST /clone-d5abf/us-central1/api/payments/create?total=0 --> us-central1-api
[debug] [2022-02-26T15:26:57.274Z] [worker-pool] submitWork(triggerId=us-central1-api) {"metadata":{"emulator":{"name":"functions"},"message":"[worker-pool] submitWork(triggerId=us-central1-api)"}}
[debug] [2022-02-26T15:26:57.274Z] [worker-us-central1-api-0fa1dfb4-0264-48f2-b345-5a66dd06d0af]: Assigning socketPath: \\?\pipe\C:\Users\zahid\Desktop\Amazon-project\Ecommerce-project\functions\7232 {"metadata":{"emulator":{"name":"functions"},"message":"[worker-us-central1-api-0fa1dfb4-0264-48f2-b345-5a66dd06d0af]: Assigning socketPath: \\\\?\\pipe\\C:\\Users\\zahid\\Desktop\\Amazon-project\\Ecommerce-project\\functions\\7232"}}
[debug] [2022-02-26T15:26:57.274Z] [worker-us-central1-api-0fa1dfb4-0264-48f2-b345-5a66dd06d0af]: BUSY {"metadata":{"emulator":{"name":"functions"},"message":"[worker-us-central1-api-0fa1dfb4-0264-48f2-b345-5a66dd06d0af]: BUSY"}}
[debug] [2022-02-26T15:26:57.275Z] [runtime-status] [7232] Trigger "us-central1-api" has been found, beginning invocation! {"metadata":{"emulator":{"name":"functions"},"function":{"name":"us-central1-api"},"message":"[runtime-status] [7232] Trigger \"us-central1-api\" has been found, beginning invocation!"}}
[info] i  functions: Beginning execution of "us-central1-api" {"metadata":{"emulator":{"name":"functions"},"function":{"name":"us-central1-api"},"message":"Beginning execution of \"us-central1-api\""}}
[debug] [2022-02-26T15:26:57.278Z] [runtime-status] [7232] triggerDefinition {"httpsTrigger":{},"name":"api","entryPoint":"api","regions":["us-central1"],"region":"us-central1","id":"us-central1-api","platform":"gcfv1"} {"metadata":{"emulator":{"name":"functions"},"function":{"name":"us-central1-api"},"message":"[runtime-status] [7232] triggerDefinition {\"httpsTrigger\":{},\"name\":\"api\",\"entryPoint\":\"api\",\"regions\":[\"us-central1\"],\"region\":\"us-central1\",\"id\":\"us-central1-api\",\"platform\":\"gcfv1\"}"}}
[debug] [2022-02-26T15:26:57.279Z] [runtime-status] [7232] Running us-central1-api in signature http {"metadata":{"emulator":{"name":"functions"},"function":{"name":"us-central1-api"},"message":"[runtime-status] [7232] Running us-central1-api in signature http"}}
[debug] [2022-02-26T15:26:57.280Z] [runtime-status] [7232] Attempting to listen to socketPath: \\?\pipe\C:\Users\zahid\Desktop\Amazon-project\Ecommerce-project\functions\7232 {"metadata":{"emulator":{"name":"functions"},"function":{"name":"us-central1-api"},"message":"[runtime-status] [7232] Attempting to listen to socketPath: \\\\?\\pipe\\C:\\Users\\zahid\\Desktop\\Amazon-project\\Ecommerce-project\\functions\\7232"}}
[debug] [2022-02-26T15:26:57.283Z] [functions] Runtime ready! Sending request! {"metadata":{"emulator":{"name":"functions"},"message":"[functions] Runtime ready! Sending request!"}}
[debug] [2022-02-26T15:26:57.283Z] [functions] Got req.url=/clone-d5abf/us-central1/api/payments/create?total=0, mapping to path=/payments/create?total=0 {"metadata":{"emulator":{"name":"functions"},"message":"[functions] Got req.url=/clone-d5abf/us-central1/api/payments/create?total=0, mapping to path=/payments/create?total=0"}}
[debug] [2022-02-26T15:26:57.288Z] [runtime-status] [7232] Ephemeral server handling POST request {"metadata":{"emulator":{"name":"functions"},"function":{"name":"us-central1-api"},"message":"[runtime-status] [7232] Ephemeral server handling POST request"}}
[info] >  Payment Request: 0 {"user":"Payment Request: 0","metadata":{"emulator":{"name":"functions"},"function":{"name":"us-central1-api"},"message":"\u001b[90m> \u001b[39m Payment Request: 0"}}
[debug] [2022-02-26T15:26:57.292Z] [runtime-status] [7232] Ephemeral server survived. {"metadata":{"emulator":{"name":"functions"},"function":{"name":"us-central1-api"},"message":"[runtime-status] [7232] Ephemeral server survived."}}
[info] >  C:\Users\zahid\Desktop\Amazon-project\Ecommerce-project\functions\node_modules\stripe\lib\Error.js:40 {"user":"C:\\Users\\zahid\\Desktop\\Amazon-project\\Ecommerce-project\\functions\\node_modules\\stripe\\lib\\Error.js:40\r","metadata":{"emulator":{"name":"functions"},"function":{"name":"us-central1-api"},"message":"\u001b[90m> \u001b[39m C:\\Users\\zahid\\Desktop\\Amazon-project\\Ecommerce-project\\functions\\node_modules\\stripe\\lib\\Error.js:40\r"}}
[info] >          return new StripeInvalidRequestError(rawStripeError); {"user":"        return new StripeInvalidRequestError(rawStripeError);\r","metadata":{"emulator":{"name":"functions"},"function":{"name":"us-central1-api"},"message":"\u001b[90m> \u001b[39m         return new StripeInvalidRequestError(rawStripeError);\r"}}
[info] >                 ^ {"user":"               ^\r","metadata":{"emulator":{"name":"functions"},"function":{"name":"us-central1-api"},"message":"\u001b[90m> \u001b[39m                ^\r"}}
[info] >   {"user":"\r","metadata":{"emulator":{"name":"functions"},"function":{"name":"us-central1-api"},"message":"\u001b[90m> \u001b[39m \r"}}
[info] >  StripeInvalidRequestError: This value must be greater than or equal to 1. {"user":"StripeInvalidRequestError: This value must be greater than or equal to 1.\r","metadata":{"emulator":{"name":"functions"},"function":{"name":"us-central1-api"},"message":"\u001b[90m> \u001b[39m StripeInvalidRequestError: This value must be greater than or equal to 1.\r"}}
[info] >      at Function.generate (C:\Users\zahid\Desktop\Amazon-project\Ecommerce-project\functions\node_modules\stripe\lib\Error.js:40:16) {"user":"    at Function.generate (C:\\Users\\zahid\\Desktop\\Amazon-project\\Ecommerce-project\\functions\\node_modules\\stripe\\lib\\Error.js:40:16)\r","metadata":{"emulator":{"name":"functions"},"function":{"name":"us-central1-api"},"message":"\u001b[90m> \u001b[39m     at Function.generate (C:\\Users\\zahid\\Desktop\\Amazon-project\\Ecommerce-project\\functions\\node_modules\\stripe\\lib\\Error.js:40:16)\r"}}
[info] >      at res.toJSON.then.StripeAPIError.message (C:\Users\zahid\Desktop\Amazon-project\Ecommerce-project\functions\node_modules\stripe\lib\StripeResource.js:220:35) {"user":"    at res.toJSON.then.StripeAPIError.message (C:\\Users\\zahid\\Desktop\\Amazon-project\\Ecommerce-project\\functions\\node_modules\\stripe\\lib\\StripeResource.js:220:35)\r","metadata":{"emulator":{"name":"functions"},"function":{"name":"us-central1-api"},"message":"\u001b[90m> \u001b[39m     at res.toJSON.then.StripeAPIError.message (C:\\Users\\zahid\\Desktop\\Amazon-project\\Ecommerce-project\\functions\\node_modules\\stripe\\lib\\StripeResource.js:220:35)\r"}}
[info] >      at processTicksAndRejections (node:internal/process/task_queues:96:5) { {"user":"    at processTicksAndRejections (node:internal/process/task_queues:96:5) {\r","metadata":{"emulator":{"name":"functions"},"function":{"name":"us-central1-api"},"message":"\u001b[90m> \u001b[39m     at processTicksAndRejections (node:internal/process/task_queues:96:5) {\r"}}
[info] >    type: 'StripeInvalidRequestError', {"user":"  type: 'StripeInvalidRequestError',\r","metadata":{"emulator":{"name":"functions"},"function":{"name":"us-central1-api"},"message":"\u001b[90m> \u001b[39m   type: 'StripeInvalidRequestError',\r"}}
[info] >    raw: { {"user":"  raw: {\r","metadata":{"emulator":{"name":"functions"},"function":{"name":"us-central1-api"},"message":"\u001b[90m> \u001b[39m   raw: {\r"}}
[info] >      code: 'parameter_invalid_integer', {"user":"    code: 'parameter_invalid_integer',\r","metadata":{"emulator":{"name":"functions"},"function":{"name":"us-central1-api"},"message":"\u001b[90m> \u001b[39m     code: 'parameter_invalid_integer',\r"}}
[info] >      doc_url: 'https://stripe.com/docs/error-codes/parameter-invalid-integer', {"user":"    doc_url: 'https://stripe.com/docs/error-codes/parameter-invalid-integer',\r","metadata":{"emulator":{"name":"functions"},"function":{"name":"us-central1-api"},"message":"\u001b[90m> \u001b[39m     doc_url: 'https://stripe.com/docs/error-codes/parameter-invalid-integer',\r"}}
[info] >      message: 'This value must be greater than or equal to 1.', {"user":"    message: 'This value must be greater than or equal to 1.',\r","metadata":{"emulator":{"name":"functions"},"function":{"name":"us-central1-api"},"message":"\u001b[90m> \u001b[39m     message: 'This value must be greater than or equal to 1.',\r"}}
[info] >      param: 'amount', {"user":"    param: 'amount',\r","metadata":{"emulator":{"name":"functions"},"function":{"name":"us-central1-api"},"message":"\u001b[90m> \u001b[39m     param: 'amount',\r"}}
[info] >      type: 'invalid_request_error', {"user":"    type: 'invalid_request_error',\r","metadata":{"emulator":{"name":"functions"},"function":{"name":"us-central1-api"},"message":"\u001b[90m> \u001b[39m     type: 'invalid_request_error',\r"}}
[info] >      headers: { {"user":"    headers: {\r","metadata":{"emulator":{"name":"functions"},"function":{"name":"us-central1-api"},"message":"\u001b[90m> \u001b[39m     headers: {\r"}}
[info] >        server: 'nginx', {"user":"      server: 'nginx',\r","metadata":{"emulator":{"name":"functions"},"function":{"name":"us-central1-api"},"message":"\u001b[90m> \u001b[39m       server: 'nginx',\r"}}
[info] >        date: 'Sat, 26 Feb 2022 15:26:56 GMT', {"user":"      date: 'Sat, 26 Feb 2022 15:26:56 GMT',\r","metadata":{"emulator":{"name":"functions"},"function":{"name":"us-central1-api"},"message":"\u001b[90m> \u001b[39m       date: 'Sat, 26 Feb 2022 15:26:56 GMT',\r"}}
[info] >        'content-type': 'application/json', {"user":"      'content-type': 'application/json',\r","metadata":{"emulator":{"name":"functions"},"function":{"name":"us-central1-api"},"message":"\u001b[90m> \u001b[39m       'content-type': 'application/json',\r"}}
[info] >        'content-length': '266', {"user":"      'content-length': '266',\r","metadata":{"emulator":{"name":"functions"},"function":{"name":"us-central1-api"},"message":"\u001b[90m> \u001b[39m       'content-length': '266',\r"}}
[info] >        connection: 'keep-alive', {"user":"      connection: 'keep-alive',\r","metadata":{"emulator":{"name":"functions"},"function":{"name":"us-central1-api"},"message":"\u001b[90m> \u001b[39m       connection: 'keep-alive',\r"}}
[info] >        'access-control-allow-credentials': 'true', {"user":"      'access-control-allow-credentials': 'true',\r","metadata":{"emulator":{"name":"functions"},"function":{"name":"us-central1-api"},"message":"\u001b[90m> \u001b[39m       'access-control-allow-credentials': 'true',\r"}}
[info] >        'access-control-allow-methods': 'GET, POST, HEAD, OPTIONS, DELETE', {"user":"      'access-control-allow-methods': 'GET, POST, HEAD, OPTIONS, DELETE',\r","metadata":{"emulator":{"name":"functions"},"function":{"name":"us-central1-api"},"message":"\u001b[90m> \u001b[39m       'access-control-allow-methods': 'GET, POST, HEAD, OPTIONS, DELETE',\r"}}
[info] >        'access-control-allow-origin': '*', {"user":"      'access-control-allow-origin': '*',\r","metadata":{"emulator":{"name":"functions"},"function":{"name":"us-central1-api"},"message":"\u001b[90m> \u001b[39m       'access-control-allow-origin': '*',\r"}}
[info] >        'access-control-expose-headers': 'Request-Id, Stripe-Manage-Version, X-Stripe-External-Auth-Required, X-Stripe-Privileged-Session-Required', {"user":"      'access-control-expose-headers': 'Request-Id, Stripe-Manage-Version, X-Stripe-External-Auth-Required, X-Stripe-Privileged-Session-Required',\r","metadata":{"emulator":{"name":"functions"},"function":{"name":"us-central1-api"},"message":"\u001b[90m> \u001b[39m       'access-control-expose-headers': 'Request-Id, Stripe-Manage-Version, X-Stripe-External-Auth-Required, X-Stripe-Privileged-Session-Required',\r"}}
[info] >        'access-control-max-age': '300', {"user":"      'access-control-max-age': '300',\r","metadata":{"emulator":{"name":"functions"},"function":{"name":"us-central1-api"},"message":"\u001b[90m> \u001b[39m       'access-control-max-age': '300',\r"}}
[info] >        'cache-control': 'no-cache, no-store', {"user":"      'cache-control': 'no-cache, no-store',\r","metadata":{"emulator":{"name":"functions"},"function":{"name":"us-central1-api"},"message":"\u001b[90m> \u001b[39m       'cache-control': 'no-cache, no-store',\r"}}
[info] >        'idempotency-key': '7f13baa9-7e2e-4360-9136-1c990c81b866', {"user":"      'idempotency-key': '7f13baa9-7e2e-4360-9136-1c990c81b866',\r","metadata":{"emulator":{"name":"functions"},"function":{"name":"us-central1-api"},"message":"\u001b[90m> \u001b[39m       'idempotency-key': '7f13baa9-7e2e-4360-9136-1c990c81b866',\r"}}
[info] >        'original-request': 'req_rEVdZrcoc33BNP', {"user":"      'original-request': 'req_rEVdZrcoc33BNP',\r","metadata":{"emulator":{"name":"functions"},"function":{"name":"us-central1-api"},"message":"\u001b[90m> \u001b[39m       'original-request': 'req_rEVdZrcoc33BNP',\r"}}
[info] >        'request-id': 'req_rEVdZrcoc33BNP', {"user":"      'request-id': 'req_rEVdZrcoc33BNP',\r","metadata":{"emulator":{"name":"functions"},"function":{"name":"us-central1-api"},"message":"\u001b[90m> \u001b[39m       'request-id': 'req_rEVdZrcoc33BNP',\r"}}
[info] >        'stripe-version': '2020-08-27', {"user":"      'stripe-version': '2020-08-27',\r","metadata":{"emulator":{"name":"functions"},"function":{"name":"us-central1-api"},"message":"\u001b[90m> \u001b[39m       'stripe-version': '2020-08-27',\r"}}
[info] >        'strict-transport-security': 'max-age=31556926; includeSubDomains; preload' {"user":"      'strict-transport-security': 'max-age=31556926; includeSubDomains; preload'\r","metadata":{"emulator":{"name":"functions"},"function":{"name":"us-central1-api"},"message":"\u001b[90m> \u001b[39m       'strict-transport-security': 'max-age=31556926; includeSubDomains; preload'\r"}}
[info] >      }, {"user":"    },\r","metadata":{"emulator":{"name":"functions"},"function":{"name":"us-central1-api"},"message":"\u001b[90m> \u001b[39m     },\r"}}
[info] >      statusCode: 400, {"user":"    statusCode: 400,\r","metadata":{"emulator":{"name":"functions"},"function":{"name":"us-central1-api"},"message":"\u001b[90m> \u001b[39m     statusCode: 400,\r"}}
[info] >      requestId: 'req_rEVdZrcoc33BNP' {"user":"    requestId: 'req_rEVdZrcoc33BNP'\r","metadata":{"emulator":{"name":"functions"},"function":{"name":"us-central1-api"},"message":"\u001b[90m> \u001b[39m     requestId: 'req_rEVdZrcoc33BNP'\r"}}
[info] >    }, {"user":"  },\r","metadata":{"emulator":{"name":"functions"},"function":{"name":"us-central1-api"},"message":"\u001b[90m> \u001b[39m   },\r"}}
[info] >    rawType: 'invalid_request_error', {"user":"  rawType: 'invalid_request_error',\r","metadata":{"emulator":{"name":"functions"},"function":{"name":"us-central1-api"},"message":"\u001b[90m> \u001b[39m   rawType: 'invalid_request_error',\r"}}
[info] >    code: 'parameter_invalid_integer', {"user":"  code: 'parameter_invalid_integer',\r","metadata":{"emulator":{"name":"functions"},"function":{"name":"us-central1-api"},"message":"\u001b[90m> \u001b[39m   code: 'parameter_invalid_integer',\r"}}
[info] >    doc_url: 'https://stripe.com/docs/error-codes/parameter-invalid-integer', {"user":"  doc_url: 'https://stripe.com/docs/error-codes/parameter-invalid-integer',\r","metadata":{"emulator":{"name":"functions"},"function":{"name":"us-central1-api"},"message":"\u001b[90m> \u001b[39m   doc_url: 'https://stripe.com/docs/error-codes/parameter-invalid-integer',\r"}}
[info] >    param: 'amount', {"user":"  param: 'amount',\r","metadata":{"emulator":{"name":"functions"},"function":{"name":"us-central1-api"},"message":"\u001b[90m> \u001b[39m   param: 'amount',\r"}}
[info] >    detail: undefined, {"user":"  detail: undefined,\r","metadata":{"emulator":{"name":"functions"},"function":{"name":"us-central1-api"},"message":"\u001b[90m> \u001b[39m   detail: undefined,\r"}}
[info] >    headers: { {"user":"  headers: {\r","metadata":{"emulator":{"name":"functions"},"function":{"name":"us-central1-api"},"message":"\u001b[90m> \u001b[39m   headers: {\r"}}
[info] >      server: 'nginx', {"user":"    server: 'nginx',\r","metadata":{"emulator":{"name":"functions"},"function":{"name":"us-central1-api"},"message":"\u001b[90m> \u001b[39m     server: 'nginx',\r"}}
[info] >      date: 'Sat, 26 Feb 2022 15:26:56 GMT', {"user":"    date: 'Sat, 26 Feb 2022 15:26:56 GMT',\r","metadata":{"emulator":{"name":"functions"},"function":{"name":"us-central1-api"},"message":"\u001b[90m> \u001b[39m     date: 'Sat, 26 Feb 2022 15:26:56 GMT',\r"}}
[info] >      'content-type': 'application/json', {"user":"    'content-type': 'application/json',\r","metadata":{"emulator":{"name":"functions"},"function":{"name":"us-central1-api"},"message":"\u001b[90m> \u001b[39m     'content-type': 'application/json',\r"}}
[info] >      'content-length': '266', {"user":"    'content-length': '266',\r","metadata":{"emulator":{"name":"functions"},"function":{"name":"us-central1-api"},"message":"\u001b[90m> \u001b[39m     'content-length': '266',\r"}}
[info] >      connection: 'keep-alive', {"user":"    connection: 'keep-alive',\r","metadata":{"emulator":{"name":"functions"},"function":{"name":"us-central1-api"},"message":"\u001b[90m> \u001b[39m     connection: 'keep-alive',\r"}}
[info] >      'access-control-allow-credentials': 'true', {"user":"    'access-control-allow-credentials': 'true',\r","metadata":{"emulator":{"name":"functions"},"function":{"name":"us-central1-api"},"message":"\u001b[90m> \u001b[39m     'access-control-allow-credentials': 'true',\r"}}
[info] >      'access-control-allow-methods': 'GET, POST, HEAD, OPTIONS, DELETE', {"user":"    'access-control-allow-methods': 'GET, POST, HEAD, OPTIONS, DELETE',\r","metadata":{"emulator":{"name":"functions"},"function":{"name":"us-central1-api"},"message":"\u001b[90m> \u001b[39m     'access-control-allow-methods': 'GET, POST, HEAD, OPTIONS, DELETE',\r"}}
[info] >      'access-control-allow-origin': '*', {"user":"    'access-control-allow-origin': '*',\r","metadata":{"emulator":{"name":"functions"},"function":{"name":"us-central1-api"},"message":"\u001b[90m> \u001b[39m     'access-control-allow-origin': '*',\r"}}
[info] >      'access-control-expose-headers': 'Request-Id, Stripe-Manage-Version, X-Stripe-External-Auth-Required, X-Stripe-Privileged-Session-Required', {"user":"    'access-control-expose-headers': 'Request-Id, Stripe-Manage-Version, X-Stripe-External-Auth-Required, X-Stripe-Privileged-Session-Required',\r","metadata":{"emulator":{"name":"functions"},"function":{"name":"us-central1-api"},"message":"\u001b[90m> \u001b[39m     'access-control-expose-headers': 'Request-Id, Stripe-Manage-Version, X-Stripe-External-Auth-Required, X-Stripe-Privileged-Session-Required',\r"}}
[info] >      'access-control-max-age': '300', {"user":"    'access-control-max-age': '300',\r","metadata":{"emulator":{"name":"functions"},"function":{"name":"us-central1-api"},"message":"\u001b[90m> \u001b[39m     'access-control-max-age': '300',\r"}}
[info] >      'cache-control': 'no-cache, no-store', {"user":"    'cache-control': 'no-cache, no-store',\r","metadata":{"emulator":{"name":"functions"},"function":{"name":"us-central1-api"},"message":"\u001b[90m> \u001b[39m     'cache-control': 'no-cache, no-store',\r"}}
[info] >      'idempotency-key': '7f13baa9-7e2e-4360-9136-1c990c81b866', {"user":"    'idempotency-key': '7f13baa9-7e2e-4360-9136-1c990c81b866',\r","metadata":{"emulator":{"name":"functions"},"function":{"name":"us-central1-api"},"message":"\u001b[90m> \u001b[39m     'idempotency-key': '7f13baa9-7e2e-4360-9136-1c990c81b866',\r"}}
[info] >      'original-request': 'req_rEVdZrcoc33BNP', {"user":"    'original-request': 'req_rEVdZrcoc33BNP',\r","metadata":{"emulator":{"name":"functions"},"function":{"name":"us-central1-api"},"message":"\u001b[90m> \u001b[39m     'original-request': 'req_rEVdZrcoc33BNP',\r"}}
[info] >      'request-id': 'req_rEVdZrcoc33BNP', {"user":"    'request-id': 'req_rEVdZrcoc33BNP',\r","metadata":{"emulator":{"name":"functions"},"function":{"name":"us-central1-api"},"message":"\u001b[90m> \u001b[39m     'request-id': 'req_rEVdZrcoc33BNP',\r"}}
[info] >      'stripe-version': '2020-08-27', {"user":"    'stripe-version': '2020-08-27',\r","metadata":{"emulator":{"name":"functions"},"function":{"name":"us-central1-api"},"message":"\u001b[90m> \u001b[39m     'stripe-version': '2020-08-27',\r"}}
[info] >      'strict-transport-security': 'max-age=31556926; includeSubDomains; preload' {"user":"    'strict-transport-security': 'max-age=31556926; includeSubDomains; preload'\r","metadata":{"emulator":{"name":"functions"},"function":{"name":"us-central1-api"},"message":"\u001b[90m> \u001b[39m     'strict-transport-security': 'max-age=31556926; includeSubDomains; preload'\r"}}
[info] >    }, {"user":"  },\r","metadata":{"emulator":{"name":"functions"},"function":{"name":"us-central1-api"},"message":"\u001b[90m> \u001b[39m   },\r"}}
[info] >    requestId: 'req_rEVdZrcoc33BNP', {"user":"  requestId: 'req_rEVdZrcoc33BNP',\r","metadata":{"emulator":{"name":"functions"},"function":{"name":"us-central1-api"},"message":"\u001b[90m> \u001b[39m   requestId: 'req_rEVdZrcoc33BNP',\r"}}
[info] >    statusCode: 400, {"user":"  statusCode: 400,\r","metadata":{"emulator":{"name":"functions"},"function":{"name":"us-central1-api"},"message":"\u001b[90m> \u001b[39m   statusCode: 400,\r"}}
[info] >    charge: undefined, {"user":"  charge: undefined,\r","metadata":{"emulator":{"name":"functions"},"function":{"name":"us-central1-api"},"message":"\u001b[90m> \u001b[39m   charge: undefined,\r"}}
[info] >    decline_code: undefined, {"user":"  decline_code: undefined,\r","metadata":{"emulator":{"name":"functions"},"function":{"name":"us-central1-api"},"message":"\u001b[90m> \u001b[39m   decline_code: undefined,\r"}}
[info] >    payment_intent: undefined, {"user":"  payment_intent: undefined,\r","metadata":{"emulator":{"name":"functions"},"function":{"name":"us-central1-api"},"message":"\u001b[90m> \u001b[39m   payment_intent: undefined,\r"}}
[info] >    payment_method: undefined, {"user":"  payment_method: undefined,\r","metadata":{"emulator":{"name":"functions"},"function":{"name":"us-central1-api"},"message":"\u001b[90m> \u001b[39m   payment_method: undefined,\r"}}
[info] >    payment_method_type: undefined, {"user":"  payment_method_type: undefined,\r","metadata":{"emulator":{"name":"functions"},"function":{"name":"us-central1-api"},"message":"\u001b[90m> \u001b[39m   payment_method_type: undefined,\r"}}
[info] >    setup_intent: undefined, {"user":"  setup_intent: undefined,\r","metadata":{"emulator":{"name":"functions"},"function":{"name":"us-central1-api"},"message":"\u001b[90m> \u001b[39m   setup_intent: undefined,\r"}}
[info] >    source: undefined {"user":"  source: undefined\r","metadata":{"emulator":{"name":"functions"},"function":{"name":"us-central1-api"},"message":"\u001b[90m> \u001b[39m   source: undefined\r"}}
[info] >  } {"user":"}\r","metadata":{"emulator":{"name":"functions"},"function":{"name":"us-central1-api"},"message":"\u001b[90m> \u001b[39m }\r"}}
[debug] [2022-02-26T15:26:57.690Z] [worker-us-central1-api-0fa1dfb4-0264-48f2-b345-5a66dd06d0af]: exited {"metadata":{"emulator":{"name":"functions"},"message":"[worker-us-central1-api-0fa1dfb4-0264-48f2-b345-5a66dd06d0af]: exited"}}
[debug] [2022-02-26T15:26:57.690Z] [worker-us-central1-api-0fa1dfb4-0264-48f2-b345-5a66dd06d0af]: FINISHED {"metadata":{"emulator":{"name":"functions"},"message":"[worker-us-central1-api-0fa1dfb4-0264-48f2-b345-5a66dd06d0af]: FINISHED"}}
[debug] [2022-02-26T15:26:57.690Z] [work-queue] {"queueLength":0,"workRunningCount":0}
